{"/home/travis/build/npmtest/node-npmtest-bcryptjs/test.js":{"path":"/home/travis/build/npmtest/node-npmtest-bcryptjs/test.js","s":{"1":2,"2":2,"3":2,"4":2,"5":2,"6":2,"7":2,"8":1,"9":2,"10":2,"11":1,"12":1,"13":1,"14":1,"15":2,"16":2,"17":2,"18":2,"19":1,"20":1,"21":2,"22":2,"23":2,"24":1,"25":1,"26":1,"27":1,"28":1,"29":1,"30":1,"31":1,"32":1,"33":1,"34":1,"35":1,"36":2,"37":2,"38":1,"39":2,"40":2,"41":1,"42":2,"43":2,"44":1,"45":1,"46":1,"47":1,"48":1},"b":{"1":[2,1,1,1],"2":[1,1,1,1],"3":[1,1],"4":[1,1],"5":[1,1],"6":[1,1],"7":[1,1],"8":[1,1],"9":[1,1,1],"10":[1,1],"11":[1,1],"12":[1,1],"13":[1,1],"14":[1,1],"15":[1,1]},"f":{"1":2,"2":2,"3":2,"4":2,"5":2,"6":1,"7":1,"8":2,"9":2,"10":2,"11":1},"fnMap":{"1":{"name":"(anonymous_1)","line":12,"loc":{"start":{"line":12,"column":1},"end":{"line":12,"column":13}}},"2":{"name":"(anonymous_2)","line":19,"loc":{"start":{"line":19,"column":5},"end":{"line":19,"column":17}}},"3":{"name":"(anonymous_3)","line":23,"loc":{"start":{"line":23,"column":24},"end":{"line":23,"column":36}}},"4":{"name":"(anonymous_4)","line":61,"loc":{"start":{"line":61,"column":5},"end":{"line":61,"column":17}}},"5":{"name":"(anonymous_5)","line":82,"loc":{"start":{"line":82,"column":5},"end":{"line":82,"column":17}}},"6":{"name":"(anonymous_6)","line":102,"loc":{"start":{"line":102,"column":83},"end":{"line":105,"column":10}},"skip":true},"7":{"name":"(anonymous_7)","line":113,"loc":{"start":{"line":113,"column":77},"end":{"line":116,"column":10}},"skip":true},"8":{"name":"(anonymous_8)","line":127,"loc":{"start":{"line":127,"column":77},"end":{"line":130,"column":10}},"skip":true},"9":{"name":"(anonymous_9)","line":138,"loc":{"start":{"line":138,"column":83},"end":{"line":141,"column":10}},"skip":true},"10":{"name":"(anonymous_10)","line":149,"loc":{"start":{"line":149,"column":79},"end":{"line":152,"column":10}},"skip":true},"11":{"name":"(anonymous_11)","line":160,"loc":{"start":{"line":160,"column":75},"end":{"line":163,"column":10}},"skip":true}},"statementMap":{"1":{"start":{"line":12,"column":0},"end":{"line":175,"column":5}},"2":{"start":{"line":14,"column":4},"end":{"line":14,"column":14}},"3":{"start":{"line":19,"column":4},"end":{"line":56,"column":9}},"4":{"start":{"line":21,"column":8},"end":{"line":21,"column":19}},"5":{"start":{"line":23,"column":8},"end":{"line":35,"column":13}},"6":{"start":{"line":24,"column":12},"end":{"line":34,"column":13}},"7":{"start":{"line":25,"column":16},"end":{"line":28,"column":30}},"8":{"start":{"line":30,"column":16},"end":{"line":33,"column":27}},"9":{"start":{"line":37,"column":8},"end":{"line":39,"column":21}},"10":{"start":{"line":40,"column":8},"end":{"line":53,"column":9}},"11":{"start":{"line":43,"column":12},"end":{"line":46,"column":14}},"12":{"start":{"line":47,"column":12},"end":{"line":47,"column":18}},"13":{"start":{"line":50,"column":12},"end":{"line":51,"column":46}},"14":{"start":{"line":52,"column":12},"end":{"line":52,"column":18}},"15":{"start":{"line":55,"column":8},"end":{"line":55,"column":35}},"16":{"start":{"line":61,"column":4},"end":{"line":63,"column":9}},"17":{"start":{"line":62,"column":8},"end":{"line":62,"column":15}},"18":{"start":{"line":64,"column":4},"end":{"line":77,"column":5}},"19":{"start":{"line":70,"column":8},"end":{"line":70,"column":14}},"20":{"start":{"line":76,"column":8},"end":{"line":76,"column":14}},"21":{"start":{"line":82,"column":4},"end":{"line":84,"column":9}},"22":{"start":{"line":83,"column":8},"end":{"line":83,"column":15}},"23":{"start":{"line":85,"column":4},"end":{"line":174,"column":5}},"24":{"start":{"line":92,"column":8},"end":{"line":94,"column":63}},"25":{"start":{"line":95,"column":8},"end":{"line":95,"column":14}},"26":{"start":{"line":102,"column":8},"end":{"line":111,"column":10},"skip":true},"27":{"start":{"line":109,"column":12},"end":{"line":109,"column":55},"skip":true},"28":{"start":{"line":110,"column":12},"end":{"line":110,"column":48},"skip":true},"29":{"start":{"line":113,"column":8},"end":{"line":125,"column":10},"skip":true},"30":{"start":{"line":120,"column":12},"end":{"line":120,"column":76},"skip":true},"31":{"start":{"line":121,"column":12},"end":{"line":121,"column":73},"skip":true},"32":{"start":{"line":122,"column":12},"end":{"line":122,"column":74},"skip":true},"33":{"start":{"line":123,"column":12},"end":{"line":123,"column":25},"skip":true},"34":{"start":{"line":124,"column":12},"end":{"line":124,"column":45},"skip":true},"35":{"start":{"line":127,"column":8},"end":{"line":136,"column":10},"skip":true},"36":{"start":{"line":134,"column":12},"end":{"line":134,"column":25},"skip":true},"37":{"start":{"line":135,"column":12},"end":{"line":135,"column":45},"skip":true},"38":{"start":{"line":138,"column":8},"end":{"line":147,"column":10},"skip":true},"39":{"start":{"line":145,"column":12},"end":{"line":145,"column":25},"skip":true},"40":{"start":{"line":146,"column":12},"end":{"line":146,"column":48},"skip":true},"41":{"start":{"line":149,"column":8},"end":{"line":158,"column":10},"skip":true},"42":{"start":{"line":156,"column":12},"end":{"line":156,"column":25},"skip":true},"43":{"start":{"line":157,"column":12},"end":{"line":157,"column":46},"skip":true},"44":{"start":{"line":160,"column":8},"end":{"line":169,"column":10},"skip":true},"45":{"start":{"line":167,"column":12},"end":{"line":167,"column":94},"skip":true},"46":{"start":{"line":168,"column":12},"end":{"line":168,"column":48},"skip":true},"47":{"start":{"line":172,"column":8},"end":{"line":172,"column":35},"skip":true},"48":{"start":{"line":173,"column":8},"end":{"line":173,"column":14},"skip":true}},"branchMap":{"1":{"line":25,"type":"binary-expr","locations":[{"start":{"line":25,"column":23},"end":{"line":25,"column":62}},{"start":{"line":26,"column":20},"end":{"line":26,"column":70}},{"start":{"line":27,"column":20},"end":{"line":27,"column":71}},{"start":{"line":28,"column":20},"end":{"line":28,"column":29}}]},"2":{"line":30,"type":"binary-expr","locations":[{"start":{"line":30,"column":23},"end":{"line":30,"column":37}},{"start":{"line":31,"column":20},"end":{"line":31,"column":61}},{"start":{"line":32,"column":20},"end":{"line":32,"column":70}},{"start":{"line":33,"column":20},"end":{"line":33,"column":26}}]},"3":{"line":37,"type":"cond-expr","locations":[{"start":{"line":38,"column":14},"end":{"line":38,"column":20}},{"start":{"line":39,"column":14},"end":{"line":39,"column":20}}]},"4":{"line":40,"type":"switch","locations":[{"start":{"line":42,"column":8},"end":{"line":47,"column":18}},{"start":{"line":49,"column":8},"end":{"line":52,"column":18}}]},"5":{"line":44,"type":"binary-expr","locations":[{"start":{"line":44,"column":16},"end":{"line":44,"column":44}},{"start":{"line":44,"column":48},"end":{"line":44,"column":66}}]},"6":{"line":50,"type":"binary-expr","locations":[{"start":{"line":50,"column":21},"end":{"line":50,"column":49}},{"start":{"line":50,"column":53},"end":{"line":50,"column":72}}]},"7":{"line":64,"type":"switch","locations":[{"start":{"line":69,"column":4},"end":{"line":70,"column":14}},{"start":{"line":75,"column":4},"end":{"line":76,"column":14}}]},"8":{"line":85,"type":"switch","locations":[{"start":{"line":90,"column":4},"end":{"line":95,"column":14}},{"start":{"line":101,"column":4},"end":{"line":173,"column":14},"skip":true}]},"9":{"line":92,"type":"binary-expr","locations":[{"start":{"line":92,"column":18},"end":{"line":92,"column":32}},{"start":{"line":93,"column":12},"end":{"line":93,"column":53}},{"start":{"line":94,"column":12},"end":{"line":94,"column":61}}]},"10":{"line":102,"type":"binary-expr","locations":[{"start":{"line":102,"column":45},"end":{"line":102,"column":79},"skip":true},{"start":{"line":102,"column":83},"end":{"line":111,"column":9},"skip":true}]},"11":{"line":113,"type":"binary-expr","locations":[{"start":{"line":113,"column":42},"end":{"line":113,"column":73},"skip":true},{"start":{"line":113,"column":77},"end":{"line":125,"column":9},"skip":true}]},"12":{"line":127,"type":"binary-expr","locations":[{"start":{"line":127,"column":42},"end":{"line":127,"column":73},"skip":true},{"start":{"line":127,"column":77},"end":{"line":136,"column":9},"skip":true}]},"13":{"line":138,"type":"binary-expr","locations":[{"start":{"line":138,"column":45},"end":{"line":138,"column":79},"skip":true},{"start":{"line":138,"column":83},"end":{"line":147,"column":9},"skip":true}]},"14":{"line":149,"type":"binary-expr","locations":[{"start":{"line":149,"column":43},"end":{"line":149,"column":75},"skip":true},{"start":{"line":149,"column":79},"end":{"line":158,"column":9},"skip":true}]},"15":{"line":160,"type":"binary-expr","locations":[{"start":{"line":160,"column":41},"end":{"line":160,"column":71},"skip":true},{"start":{"line":160,"column":75},"end":{"line":169,"column":9},"skip":true}]}},"code":["/* istanbul instrument in package npmtest_bcryptjs */","/*jslint","    bitwise: true,","    browser: true,","    maxerr: 8,","    maxlen: 96,","    node: true,","    nomen: true,","    regexp: true,","    stupid: true","*/","(function () {","    'use strict';","    var local;","","","","    // run shared js-env code - pre-init","    (function () {","        // init local","        local = {};","        // init modeJs","        local.modeJs = (function () {","            try {","                return typeof navigator.userAgent === 'string' &&","                    typeof document.querySelector('body') === 'object' &&","                    typeof XMLHttpRequest.prototype.open === 'function' &&","                    'browser';","            } catch (errorCaughtBrowser) {","                return module.exports &&","                    typeof process.versions.node === 'string' &&","                    typeof require('http').createServer === 'function' &&","                    'node';","            }","        }());","        // init global","        local.global = local.modeJs === 'browser'","            ? window","            : global;","        switch (local.modeJs) {","        // re-init local from window.local","        case 'browser':","            local = local.global.utility2.objectSetDefault(","                local.global.utility2_rollup || local.global.local,","                local.global.utility2","            );","            break;","        // re-init local from example.js","        case 'node':","            local = (local.global.utility2_rollup || require('utility2'))","                .requireExampleJsFromReadme();","            break;","        }","        // export local","        local.global.local = local;","    }());","","","","    // run shared js-env code - function","    (function () {","        return;","    }());","    switch (local.modeJs) {","","","","    // run browser js-env code - function","    case 'browser':","        break;","","","","    // run node js-env code - function","    case 'node':","        break;","    }","","","","    // run shared js-env code - post-init","    (function () {","        return;","    }());","    switch (local.modeJs) {","","","","    // run browser js-env code - post-init","    case 'browser':","        // run tests","        local.nop(local.modeTest &&","            document.querySelector('#testRunButton1') &&","            document.querySelector('#testRunButton1').click());","        break;","","","","    // run node js-env code - post-init","    /* istanbul ignore next */","    case 'node':","        local.testCase_buildApidoc_default = local.testCase_buildApidoc_default || function (","            options,","            onError","        ) {","        /*","         * this function will test buildApidoc's default handling-behavior-behavior","         */","            options = { modulePathList: module.paths };","            local.buildApidoc(options, onError);","        };","","        local.testCase_buildApp_default = local.testCase_buildApp_default || function (","            options,","            onError","        ) {","        /*","         * this function will test buildApp's default handling-behavior-behavior","         */","            local.testCase_buildReadme_default(options, local.onErrorThrow);","            local.testCase_buildLib_default(options, local.onErrorThrow);","            local.testCase_buildTest_default(options, local.onErrorThrow);","            options = [];","            local.buildApp(options, onError);","        };","","        local.testCase_buildLib_default = local.testCase_buildLib_default || function (","            options,","            onError","        ) {","        /*","         * this function will test buildLib's default handling-behavior","         */","            options = {};","            local.buildLib(options, onError);","        };","","        local.testCase_buildReadme_default = local.testCase_buildReadme_default || function (","            options,","            onError","        ) {","        /*","         * this function will test buildReadme's default handling-behavior-behavior","         */","            options = {};","            local.buildReadme(options, onError);","        };","","        local.testCase_buildTest_default = local.testCase_buildTest_default || function (","            options,","            onError","        ) {","        /*","         * this function will test buildTest's default handling-behavior","         */","            options = {};","            local.buildTest(options, onError);","        };","","        local.testCase_webpage_default = local.testCase_webpage_default || function (","            options,","            onError","        ) {","        /*","         * this function will test webpage's default handling-behavior","         */","            options = { modeCoverageMerge: true, url: local.serverLocalHost + '?modeTest=1' };","            local.browserTest(options, onError);","        };","","        // run test-server","        local.testRunServer(local);","        break;","    }","}());",""],"l":{"12":2,"14":2,"19":2,"21":2,"23":2,"24":2,"25":2,"30":1,"37":2,"40":2,"43":1,"47":1,"50":1,"52":1,"55":2,"61":2,"62":2,"64":2,"70":1,"76":1,"82":2,"83":2,"85":2,"92":1,"95":1,"102":1,"109":1,"110":1,"113":1,"120":1,"121":1,"122":1,"123":1,"124":1,"127":1,"134":2,"135":2,"138":1,"145":2,"146":2,"149":1,"156":2,"157":2,"160":1,"167":1,"168":1,"172":1,"173":1}},"/home/travis/build/npmtest/node-npmtest-bcryptjs/lib.npmtest_bcryptjs.js":{"path":"/home/travis/build/npmtest/node-npmtest-bcryptjs/lib.npmtest_bcryptjs.js","s":{"1":2,"2":2,"3":2,"4":2,"5":2,"6":2,"7":2,"8":1,"9":2,"10":2,"11":2,"12":2,"13":1,"14":1,"15":1,"16":1},"b":{"1":[2,1,1,1],"2":[1,1,1,1],"3":[1,1],"4":[2,2],"5":[1,1]},"f":{"1":2,"2":2,"3":2},"fnMap":{"1":{"name":"(anonymous_1)","line":12,"loc":{"start":{"line":12,"column":1},"end":{"line":12,"column":13}}},"2":{"name":"(anonymous_2)","line":19,"loc":{"start":{"line":19,"column":5},"end":{"line":19,"column":17}}},"3":{"name":"(anonymous_3)","line":23,"loc":{"start":{"line":23,"column":24},"end":{"line":23,"column":36}}}},"statementMap":{"1":{"start":{"line":12,"column":0},"end":{"line":53,"column":5}},"2":{"start":{"line":14,"column":4},"end":{"line":14,"column":14}},"3":{"start":{"line":19,"column":4},"end":{"line":52,"column":9}},"4":{"start":{"line":21,"column":8},"end":{"line":21,"column":19}},"5":{"start":{"line":23,"column":8},"end":{"line":35,"column":13}},"6":{"start":{"line":24,"column":12},"end":{"line":34,"column":13}},"7":{"start":{"line":25,"column":16},"end":{"line":28,"column":30}},"8":{"start":{"line":30,"column":16},"end":{"line":33,"column":27}},"9":{"start":{"line":37,"column":8},"end":{"line":39,"column":21}},"10":{"start":{"line":41,"column":8},"end":{"line":41,"column":54}},"11":{"start":{"line":43,"column":8},"end":{"line":43,"column":53}},"12":{"start":{"line":45,"column":8},"end":{"line":51,"column":9}},"13":{"start":{"line":46,"column":12},"end":{"line":46,"column":59}},"14":{"start":{"line":48,"column":12},"end":{"line":48,"column":35}},"15":{"start":{"line":49,"column":12},"end":{"line":49,"column":49}},"16":{"start":{"line":50,"column":12},"end":{"line":50,"column":43}}},"branchMap":{"1":{"line":25,"type":"binary-expr","locations":[{"start":{"line":25,"column":23},"end":{"line":25,"column":62}},{"start":{"line":26,"column":20},"end":{"line":26,"column":70}},{"start":{"line":27,"column":20},"end":{"line":27,"column":71}},{"start":{"line":28,"column":20},"end":{"line":28,"column":29}}]},"2":{"line":30,"type":"binary-expr","locations":[{"start":{"line":30,"column":23},"end":{"line":30,"column":37}},{"start":{"line":31,"column":20},"end":{"line":31,"column":61}},{"start":{"line":32,"column":20},"end":{"line":32,"column":70}},{"start":{"line":33,"column":20},"end":{"line":33,"column":26}}]},"3":{"line":37,"type":"cond-expr","locations":[{"start":{"line":38,"column":14},"end":{"line":38,"column":20}},{"start":{"line":39,"column":14},"end":{"line":39,"column":20}}]},"4":{"line":41,"type":"binary-expr","locations":[{"start":{"line":41,"column":16},"end":{"line":41,"column":44}},{"start":{"line":41,"column":48},"end":{"line":41,"column":53}}]},"5":{"line":45,"type":"if","locations":[{"start":{"line":45,"column":8},"end":{"line":45,"column":8}},{"start":{"line":45,"column":8},"end":{"line":45,"column":8}}]}},"code":["/* istanbul instrument in package npmtest_bcryptjs */","/*jslint","    bitwise: true,","    browser: true,","    maxerr: 8,","    maxlen: 96,","    node: true,","    nomen: true,","    regexp: true,","    stupid: true","*/","(function () {","    'use strict';","    var local;","","","","    // run shared js-env code - pre-init","    (function () {","        // init local","        local = {};","        // init modeJs","        local.modeJs = (function () {","            try {","                return typeof navigator.userAgent === 'string' &&","                    typeof document.querySelector('body') === 'object' &&","                    typeof XMLHttpRequest.prototype.open === 'function' &&","                    'browser';","            } catch (errorCaughtBrowser) {","                return module.exports &&","                    typeof process.versions.node === 'string' &&","                    typeof require('http').createServer === 'function' &&","                    'node';","            }","        }());","        // init global","        local.global = local.modeJs === 'browser'","            ? window","            : global;","        // init utility2_rollup","        local = local.global.utility2_rollup || local;","        // init lib","        local.local = local.npmtest_bcryptjs = local;","        // init exports","        if (local.modeJs === 'browser') {","            local.global.utility2_npmtest_bcryptjs = local;","        } else {","            module.exports = local;","            module.exports.__dirname = __dirname;","            module.exports.module = module;","        }","    }());","}());",""],"l":{"12":2,"14":2,"19":2,"21":2,"23":2,"24":2,"25":2,"30":1,"37":2,"41":2,"43":2,"45":2,"46":1,"48":1,"49":1,"50":1}},"/home/travis/build/npmtest/node-npmtest-bcryptjs/example.js":{"path":"/home/travis/build/npmtest/node-npmtest-bcryptjs/example.js","s":{"1":2,"2":2,"3":2,"4":2,"5":2,"6":2,"7":2,"8":1,"9":2,"10":2,"11":2,"12":2,"13":1,"14":2,"15":2,"16":2,"17":2,"18":2,"19":0,"20":2,"21":1,"22":1,"23":1,"24":1,"25":1,"26":0,"27":0,"28":1,"29":1,"30":2,"31":0,"32":0,"33":0,"34":1,"35":2,"36":2,"37":2,"38":2,"39":2,"40":2,"41":0,"42":2,"43":2,"44":2,"45":1,"46":3,"47":1,"48":1,"49":1,"50":1,"51":1,"52":1,"53":1,"54":1,"55":1,"56":1,"57":0,"58":1,"59":6,"60":6,"61":1,"62":2,"63":0,"64":2,"65":1,"66":1,"67":0,"68":0,"69":0,"70":0,"71":0,"72":0,"73":0,"74":0,"75":0,"76":0,"77":0,"78":0,"79":0,"80":0,"81":0,"82":0,"83":0},"b":{"1":[2,1,1,1],"2":[1,1,1,1],"3":[1,1],"4":[2,2],"5":[1,1],"6":[1,1],"7":[2,0],"8":[2,1,1,1,1,1],"9":[0,2,0],"10":[1,1],"11":[2,1,1],"12":[1,0],"13":[0,2],"14":[2,0,0,0,0,0,0],"15":[0,2],"16":[2,0],"17":[1,1],"18":[0,1],"19":[1,2,0,2],"20":[1,0],"21":[1,1],"22":[0,0],"23":[0,0],"24":[0,0],"25":[0,0],"26":[0,0],"27":[0,0],"28":[0,0]},"f":{"1":2,"2":2,"3":2,"4":2,"5":2,"6":2,"7":2,"8":2,"9":3,"10":1,"11":6,"12":0},"fnMap":{"1":{"name":"(anonymous_1)","line":26,"loc":{"start":{"line":26,"column":1},"end":{"line":26,"column":13}}},"2":{"name":"(anonymous_2)","line":33,"loc":{"start":{"line":33,"column":5},"end":{"line":33,"column":17}}},"3":{"name":"(anonymous_3)","line":37,"loc":{"start":{"line":37,"column":24},"end":{"line":37,"column":36}}},"4":{"name":"(anonymous_4)","line":69,"loc":{"start":{"line":69,"column":31},"end":{"line":69,"column":48}},"skip":true},"5":{"name":"(anonymous_5)","line":78,"loc":{"start":{"line":78,"column":26},"end":{"line":78,"column":45}},"skip":true},"6":{"name":"(anonymous_6)","line":123,"loc":{"start":{"line":123,"column":33},"end":{"line":123,"column":48}},"skip":true},"7":{"name":"(anonymous_7)","line":125,"loc":{"start":{"line":125,"column":27},"end":{"line":125,"column":39}},"skip":true},"8":{"name":"(anonymous_8)","line":133,"loc":{"start":{"line":133,"column":59},"end":{"line":133,"column":74}},"skip":true},"9":{"name":"(anonymous_9)","line":143,"loc":{"start":{"line":143,"column":45},"end":{"line":143,"column":62}},"skip":true},"10":{"name":"(anonymous_10)","line":144,"loc":{"start":{"line":144,"column":73},"end":{"line":144,"column":92}},"skip":true},"11":{"name":"(anonymous_11)","line":272,"loc":{"start":{"line":272,"column":51},"end":{"line":272,"column":77}},"skip":true},"12":{"name":"(anonymous_12)","line":314,"loc":{"start":{"line":314,"column":32},"end":{"line":314,"column":61}},"skip":true}},"statementMap":{"1":{"start":{"line":26,"column":0},"end":{"line":325,"column":5}},"2":{"start":{"line":28,"column":4},"end":{"line":28,"column":14}},"3":{"start":{"line":33,"column":4},"end":{"line":60,"column":9}},"4":{"start":{"line":35,"column":8},"end":{"line":35,"column":19}},"5":{"start":{"line":37,"column":8},"end":{"line":49,"column":13}},"6":{"start":{"line":38,"column":12},"end":{"line":48,"column":13}},"7":{"start":{"line":39,"column":16},"end":{"line":42,"column":30}},"8":{"start":{"line":44,"column":16},"end":{"line":47,"column":27}},"9":{"start":{"line":51,"column":8},"end":{"line":53,"column":21}},"10":{"start":{"line":55,"column":8},"end":{"line":57,"column":45}},"11":{"start":{"line":59,"column":8},"end":{"line":59,"column":35}},"12":{"start":{"line":61,"column":4},"end":{"line":324,"column":5}},"13":{"start":{"line":69,"column":8},"end":{"line":121,"column":10},"skip":true},"14":{"start":{"line":70,"column":12},"end":{"line":88,"column":13},"skip":true},"15":{"start":{"line":76,"column":16},"end":{"line":87,"column":19},"skip":true},"16":{"start":{"line":79,"column":20},"end":{"line":86,"column":21},"skip":true},"17":{"start":{"line":82,"column":24},"end":{"line":82,"column":43},"skip":true},"18":{"start":{"line":83,"column":24},"end":{"line":83,"column":30},"skip":true},"19":{"start":{"line":85,"column":24},"end":{"line":85,"column":49},"skip":true},"20":{"start":{"line":89,"column":12},"end":{"line":107,"column":13},"skip":true},"21":{"start":{"line":92,"column":16},"end":{"line":102,"column":17},"skip":true},"22":{"start":{"line":93,"column":20},"end":{"line":93,"column":86},"skip":true},"23":{"start":{"line":94,"column":20},"end":{"line":95,"column":45},"skip":true},"24":{"start":{"line":96,"column":20},"end":{"line":96,"column":42},"skip":true},"25":{"start":{"line":97,"column":20},"end":{"line":97,"column":48},"skip":true},"26":{"start":{"line":100,"column":20},"end":{"line":100,"column":85},"skip":true},"27":{"start":{"line":101,"column":20},"end":{"line":101,"column":96},"skip":true},"28":{"start":{"line":103,"column":16},"end":{"line":103,"column":22},"skip":true},"29":{"start":{"line":106,"column":16},"end":{"line":106,"column":22},"skip":true},"30":{"start":{"line":108,"column":12},"end":{"line":120,"column":13},"skip":true},"31":{"start":{"line":114,"column":16},"end":{"line":119,"column":17},"skip":true},"32":{"start":{"line":116,"column":20},"end":{"line":116,"column":78},"skip":true},"33":{"start":{"line":118,"column":20},"end":{"line":118,"column":53},"skip":true},"34":{"start":{"line":123,"column":8},"end":{"line":141,"column":11},"skip":true},"35":{"start":{"line":124,"column":12},"end":{"line":124,"column":54},"skip":true},"36":{"start":{"line":125,"column":12},"end":{"line":140,"column":14},"skip":true},"37":{"start":{"line":126,"column":16},"end":{"line":126,"column":28},"skip":true},"38":{"start":{"line":127,"column":16},"end":{"line":127,"column":69},"skip":true},"39":{"start":{"line":128,"column":16},"end":{"line":128,"column":75},"skip":true},"40":{"start":{"line":129,"column":16},"end":{"line":131,"column":17},"skip":true},"41":{"start":{"line":130,"column":20},"end":{"line":130,"column":27},"skip":true},"42":{"start":{"line":133,"column":16},"end":{"line":137,"column":36},"skip":true},"43":{"start":{"line":134,"column":20},"end":{"line":136,"column":55},"skip":true},"44":{"start":{"line":139,"column":16},"end":{"line":139,"column":57},"skip":true},"45":{"start":{"line":143,"column":8},"end":{"line":147,"column":11},"skip":true},"46":{"start":{"line":144,"column":12},"end":{"line":146,"column":15},"skip":true},"47":{"start":{"line":145,"column":16},"end":{"line":145,"column":70},"skip":true},"48":{"start":{"line":149,"column":8},"end":{"line":149,"column":31},"skip":true},"49":{"start":{"line":150,"column":8},"end":{"line":150,"column":14},"skip":true},"50":{"start":{"line":158,"column":8},"end":{"line":158,"column":31},"skip":true},"51":{"start":{"line":160,"column":8},"end":{"line":160,"column":33},"skip":true},"52":{"start":{"line":161,"column":8},"end":{"line":161,"column":37},"skip":true},"53":{"start":{"line":162,"column":8},"end":{"line":162,"column":35},"skip":true},"54":{"start":{"line":164,"column":8},"end":{"line":164,"column":50},"skip":true},"55":{"start":{"line":166,"column":8},"end":{"line":256,"column":2},"skip":true},"56":{"start":{"line":258,"column":8},"end":{"line":286,"column":9},"skip":true},"57":{"start":{"line":259,"column":12},"end":{"line":269,"column":14},"skip":true},"58":{"start":{"line":271,"column":12},"end":{"line":285,"column":19},"skip":true},"59":{"start":{"line":274,"column":20},"end":{"line":274,"column":35},"skip":true},"60":{"start":{"line":275,"column":20},"end":{"line":284,"column":21},"skip":true},"61":{"start":{"line":277,"column":24},"end":{"line":277,"column":64},"skip":true},"62":{"start":{"line":279,"column":24},"end":{"line":279,"column":40},"skip":true},"63":{"start":{"line":281,"column":24},"end":{"line":281,"column":40},"skip":true},"64":{"start":{"line":283,"column":24},"end":{"line":283,"column":39},"skip":true},"65":{"start":{"line":288,"column":8},"end":{"line":290,"column":9},"skip":true},"66":{"start":{"line":289,"column":12},"end":{"line":289,"column":18},"skip":true},"67":{"start":{"line":291,"column":8},"end":{"line":293,"column":54},"skip":true},"68":{"start":{"line":294,"column":8},"end":{"line":301,"column":37},"skip":true},"69":{"start":{"line":302,"column":8},"end":{"line":302,"column":82},"skip":true},"70":{"start":{"line":305,"column":8},"end":{"line":307,"column":9},"skip":true},"71":{"start":{"line":306,"column":12},"end":{"line":306,"column":82},"skip":true},"72":{"start":{"line":309,"column":8},"end":{"line":311,"column":9},"skip":true},"73":{"start":{"line":310,"column":12},"end":{"line":310,"column":18},"skip":true},"74":{"start":{"line":312,"column":8},"end":{"line":312,"column":54},"skip":true},"75":{"start":{"line":313,"column":8},"end":{"line":313,"column":69},"skip":true},"76":{"start":{"line":314,"column":8},"end":{"line":322,"column":36},"skip":true},"77":{"start":{"line":315,"column":12},"end":{"line":315,"column":61},"skip":true},"78":{"start":{"line":316,"column":12},"end":{"line":319,"column":13},"skip":true},"79":{"start":{"line":317,"column":16},"end":{"line":317,"column":75},"skip":true},"80":{"start":{"line":318,"column":16},"end":{"line":318,"column":23},"skip":true},"81":{"start":{"line":320,"column":12},"end":{"line":320,"column":38},"skip":true},"82":{"start":{"line":321,"column":12},"end":{"line":321,"column":27},"skip":true},"83":{"start":{"line":323,"column":8},"end":{"line":323,"column":14},"skip":true}},"branchMap":{"1":{"line":39,"type":"binary-expr","locations":[{"start":{"line":39,"column":23},"end":{"line":39,"column":62}},{"start":{"line":40,"column":20},"end":{"line":40,"column":70}},{"start":{"line":41,"column":20},"end":{"line":41,"column":71}},{"start":{"line":42,"column":20},"end":{"line":42,"column":29}}]},"2":{"line":44,"type":"binary-expr","locations":[{"start":{"line":44,"column":23},"end":{"line":44,"column":37}},{"start":{"line":45,"column":20},"end":{"line":45,"column":61}},{"start":{"line":46,"column":20},"end":{"line":46,"column":70}},{"start":{"line":47,"column":20},"end":{"line":47,"column":26}}]},"3":{"line":51,"type":"cond-expr","locations":[{"start":{"line":52,"column":14},"end":{"line":52,"column":20}},{"start":{"line":53,"column":14},"end":{"line":53,"column":20}}]},"4":{"line":55,"type":"binary-expr","locations":[{"start":{"line":55,"column":16},"end":{"line":55,"column":44}},{"start":{"line":55,"column":49},"end":{"line":57,"column":43}}]},"5":{"line":55,"type":"cond-expr","locations":[{"start":{"line":56,"column":14},"end":{"line":56,"column":52}},{"start":{"line":57,"column":14},"end":{"line":57,"column":43}}]},"6":{"line":61,"type":"switch","locations":[{"start":{"line":68,"column":4},"end":{"line":150,"column":14},"skip":true},{"start":{"line":156,"column":4},"end":{"line":323,"column":14},"skip":true}]},"7":{"line":70,"type":"if","locations":[{"start":{"line":70,"column":12},"end":{"line":70,"column":12},"skip":true},{"start":{"line":70,"column":12},"end":{"line":70,"column":12},"skip":true}]},"8":{"line":70,"type":"binary-expr","locations":[{"start":{"line":70,"column":16},"end":{"line":70,"column":22},"skip":true},{"start":{"line":70,"column":27},"end":{"line":70,"column":32},"skip":true},{"start":{"line":71,"column":20},"end":{"line":71,"column":39},"skip":true},{"start":{"line":72,"column":20},"end":{"line":72,"column":49},"skip":true},{"start":{"line":73,"column":20},"end":{"line":73,"column":58},"skip":true},{"start":{"line":74,"column":20},"end":{"line":74,"column":69},"skip":true}]},"9":{"line":79,"type":"switch","locations":[{"start":{"line":80,"column":20},"end":{"line":80,"column":33},"skip":true},{"start":{"line":81,"column":20},"end":{"line":83,"column":30},"skip":true},{"start":{"line":84,"column":20},"end":{"line":85,"column":49},"skip":true}]},"10":{"line":89,"type":"switch","locations":[{"start":{"line":90,"column":12},"end":{"line":103,"column":22},"skip":true},{"start":{"line":105,"column":12},"end":{"line":106,"column":22},"skip":true}]},"11":{"line":89,"type":"binary-expr","locations":[{"start":{"line":89,"column":20},"end":{"line":89,"column":25},"skip":true},{"start":{"line":89,"column":29},"end":{"line":89,"column":48},"skip":true},{"start":{"line":89,"column":52},"end":{"line":89,"column":74},"skip":true}]},"12":{"line":92,"type":"if","locations":[{"start":{"line":92,"column":16},"end":{"line":92,"column":16},"skip":true},{"start":{"line":92,"column":16},"end":{"line":92,"column":16},"skip":true}]},"13":{"line":108,"type":"if","locations":[{"start":{"line":108,"column":12},"end":{"line":108,"column":12},"skip":true},{"start":{"line":108,"column":12},"end":{"line":108,"column":12},"skip":true}]},"14":{"line":108,"type":"binary-expr","locations":[{"start":{"line":108,"column":16},"end":{"line":108,"column":61},"skip":true},{"start":{"line":108,"column":66},"end":{"line":108,"column":72},"skip":true},{"start":{"line":108,"column":77},"end":{"line":108,"column":82},"skip":true},{"start":{"line":109,"column":20},"end":{"line":109,"column":39},"skip":true},{"start":{"line":110,"column":20},"end":{"line":110,"column":49},"skip":true},{"start":{"line":111,"column":20},"end":{"line":111,"column":58},"skip":true},{"start":{"line":112,"column":20},"end":{"line":112,"column":68},"skip":true}]},"15":{"line":129,"type":"if","locations":[{"start":{"line":129,"column":16},"end":{"line":129,"column":16},"skip":true},{"start":{"line":129,"column":16},"end":{"line":129,"column":16},"skip":true}]},"16":{"line":134,"type":"cond-expr","locations":[{"start":{"line":135,"column":26},"end":{"line":135,"column":29},"skip":true},{"start":{"line":136,"column":26},"end":{"line":136,"column":54},"skip":true}]},"17":{"line":164,"type":"binary-expr","locations":[{"start":{"line":164,"column":27},"end":{"line":164,"column":43},"skip":true},{"start":{"line":164,"column":47},"end":{"line":164,"column":49},"skip":true}]},"18":{"line":258,"type":"if","locations":[{"start":{"line":258,"column":8},"end":{"line":258,"column":8},"skip":true},{"start":{"line":258,"column":8},"end":{"line":258,"column":8},"skip":true}]},"19":{"line":275,"type":"switch","locations":[{"start":{"line":276,"column":20},"end":{"line":277,"column":64},"skip":true},{"start":{"line":278,"column":20},"end":{"line":279,"column":40},"skip":true},{"start":{"line":280,"column":20},"end":{"line":281,"column":40},"skip":true},{"start":{"line":282,"column":20},"end":{"line":283,"column":39},"skip":true}]},"20":{"line":288,"type":"if","locations":[{"start":{"line":288,"column":8},"end":{"line":288,"column":8},"skip":true},{"start":{"line":288,"column":8},"end":{"line":288,"column":8},"skip":true}]},"21":{"line":288,"type":"binary-expr","locations":[{"start":{"line":288,"column":12},"end":{"line":288,"column":40},"skip":true},{"start":{"line":288,"column":44},"end":{"line":288,"column":67},"skip":true}]},"22":{"line":292,"type":"binary-expr","locations":[{"start":{"line":292,"column":12},"end":{"line":292,"column":50},"skip":true},{"start":{"line":293,"column":12},"end":{"line":293,"column":53},"skip":true}]},"23":{"line":295,"type":"binary-expr","locations":[{"start":{"line":295,"column":12},"end":{"line":295,"column":66},"skip":true},{"start":{"line":296,"column":12},"end":{"line":301,"column":36},"skip":true}]},"24":{"line":302,"type":"binary-expr","locations":[{"start":{"line":302,"column":43},"end":{"line":302,"column":75},"skip":true},{"start":{"line":302,"column":79},"end":{"line":302,"column":81},"skip":true}]},"25":{"line":305,"type":"if","locations":[{"start":{"line":305,"column":8},"end":{"line":305,"column":8},"skip":true},{"start":{"line":305,"column":8},"end":{"line":305,"column":8},"skip":true}]},"26":{"line":309,"type":"if","locations":[{"start":{"line":309,"column":8},"end":{"line":309,"column":8},"skip":true},{"start":{"line":309,"column":8},"end":{"line":309,"column":8},"skip":true}]},"27":{"line":312,"type":"binary-expr","locations":[{"start":{"line":312,"column":27},"end":{"line":312,"column":43},"skip":true},{"start":{"line":312,"column":47},"end":{"line":312,"column":53},"skip":true}]},"28":{"line":316,"type":"if","locations":[{"start":{"line":316,"column":12},"end":{"line":316,"column":12},"skip":true},{"start":{"line":316,"column":12},"end":{"line":316,"column":12},"skip":true}]}},"code":["/*","example.js","","quickstart example","","instruction","    1. save this script as example.js","    2. run the shell command:","        $ npm install npmtest-bcryptjs && PORT=8081 node example.js","    3. play with the browser-demo on http://127.0.0.1:8081","*/","","","","/* istanbul instrument in package npmtest_bcryptjs */","/*jslint","    bitwise: true,","    browser: true,","    maxerr: 8,","    maxlen: 96,","    node: true,","    nomen: true,","    regexp: true,","    stupid: true","*/","(function () {","    'use strict';","    var local;","","","","    // run shared js-env code - pre-init","    (function () {","        // init local","        local = {};","        // init modeJs","        local.modeJs = (function () {","            try {","                return typeof navigator.userAgent === 'string' &&","                    typeof document.querySelector('body') === 'object' &&","                    typeof XMLHttpRequest.prototype.open === 'function' &&","                    'browser';","            } catch (errorCaughtBrowser) {","                return module.exports &&","                    typeof process.versions.node === 'string' &&","                    typeof require('http').createServer === 'function' &&","                    'node';","            }","        }());","        // init global","        local.global = local.modeJs === 'browser'","            ? window","            : global;","        // init utility2_rollup","        local = local.global.utility2_rollup || (local.modeJs === 'browser'","            ? local.global.utility2_npmtest_bcryptjs","            : global.utility2_moduleExports);","        // export local","        local.global.local = local;","    }());","    switch (local.modeJs) {","","","","    // post-init","    // run browser js-env code - post-init","    /* istanbul ignore next */","    case 'browser':","        local.testRunBrowser = function (event) {","            if (!event || (event &&","                    event.currentTarget &&","                    event.currentTarget.className &&","                    event.currentTarget.className.includes &&","                    event.currentTarget.className.includes('onreset'))) {","                // reset output","                Array.from(","                    document.querySelectorAll('body > .resettable')","                ).forEach(function (element) {","                    switch (element.tagName) {","                    case 'INPUT':","                    case 'TEXTAREA':","                        element.value = '';","                        break;","                    default:","                        element.textContent = '';","                    }","                });","            }","            switch (event && event.currentTarget && event.currentTarget.id) {","            case 'testRunButton1':","                // show tests","                if (document.querySelector('#testReportDiv1').style.display === 'none') {","                    document.querySelector('#testReportDiv1').style.display = 'block';","                    document.querySelector('#testRunButton1').textContent =","                        'hide internal test';","                    local.modeTest = true;","                    local.testRunDefault(local);","                // hide tests","                } else {","                    document.querySelector('#testReportDiv1').style.display = 'none';","                    document.querySelector('#testRunButton1').textContent = 'run internal test';","                }","                break;","            // custom-case","            default:","                break;","            }","            if (document.querySelector('#inputTextareaEval1') && (!event || (event &&","                    event.currentTarget &&","                    event.currentTarget.className &&","                    event.currentTarget.className.includes &&","                    event.currentTarget.className.includes('oneval')))) {","                // try to eval input-code","                try {","                    /*jslint evil: true*/","                    eval(document.querySelector('#inputTextareaEval1').value);","                } catch (errorCaught) {","                    console.error(errorCaught.stack);","                }","            }","        };","        // log stderr and stdout to #outputTextareaStdout1","        ['error', 'log'].forEach(function (key) {","            console[key + '_original'] = console[key];","            console[key] = function () {","                var element;","                console[key + '_original'].apply(console, arguments);","                element = document.querySelector('#outputTextareaStdout1');","                if (!element) {","                    return;","                }","                // append text to #outputTextareaStdout1","                element.value += Array.from(arguments).map(function (arg) {","                    return typeof arg === 'string'","                        ? arg","                        : JSON.stringify(arg, null, 4);","                }).join(' ') + '\\n';","                // scroll textarea to bottom","                element.scrollTop = element.scrollHeight;","            };","        });","        // init event-handling","        ['change', 'click', 'keyup'].forEach(function (event) {","            Array.from(document.querySelectorAll('.on' + event)).forEach(function (element) {","                element.addEventListener(event, local.testRunBrowser);","            });","        });","        // run tests","        local.testRunBrowser();","        break;","","","","    // run node js-env code - post-init","    /* istanbul ignore next */","    case 'node':","        // export local","        module.exports = local;","        // require modules","        local.fs = require('fs');","        local.http = require('http');","        local.url = require('url');","        // init assets","        local.assetsDict = local.assetsDict || {};","        /* jslint-ignore-begin */","        local.assetsDict['/assets.index.template.html'] = '\\","<!doctype html>\\n\\","<html lang=\"en\">\\n\\","<head>\\n\\","<meta charset=\"UTF-8\">\\n\\","<meta name=\"viewport\" content=\"width=device-width, initial-scale=1\">\\n\\","<title>{{env.npm_package_name}} (v{{env.npm_package_version}})</title>\\n\\","<style>\\n\\","/*csslint\\n\\","    box-sizing: false,\\n\\","    universal-selector: false\\n\\","*/\\n\\","* {\\n\\","    box-sizing: border-box;\\n\\","}\\n\\","body {\\n\\","    background: #dde;\\n\\","    font-family: Arial, Helvetica, sans-serif;\\n\\","    margin: 2rem;\\n\\","}\\n\\","body > * {\\n\\","    margin-bottom: 1rem;\\n\\","}\\n\\",".utility2FooterDiv {\\n\\","    margin-top: 20px;\\n\\","    text-align: center;\\n\\","}\\n\\","</style>\\n\\","<style>\\n\\","/*csslint\\n\\","*/\\n\\","textarea {\\n\\","    font-family: monospace;\\n\\","    height: 10rem;\\n\\","    width: 100%;\\n\\","}\\n\\","textarea[readonly] {\\n\\","    background: #ddd;\\n\\","}\\n\\","</style>\\n\\","</head>\\n\\","<body>\\n\\","<!-- utility2-comment\\n\\","<div id=\"ajaxProgressDiv1\" style=\"background: #d00; height: 2px; left: 0; margin: 0; padding: 0; position: fixed; top: 0; transition: background 0.5s, width 1.5s; width: 25%;\"></div>\\n\\","utility2-comment -->\\n\\","<h1>\\n\\","<!-- utility2-comment\\n\\","    <a\\n\\","        {{#if env.npm_package_homepage}}\\n\\","        href=\"{{env.npm_package_homepage}}\"\\n\\","        {{/if env.npm_package_homepage}}\\n\\","        target=\"_blank\"\\n\\","    >\\n\\","utility2-comment -->\\n\\","        {{env.npm_package_name}} (v{{env.npm_package_version}})\\n\\","<!-- utility2-comment\\n\\","    </a>\\n\\","utility2-comment -->\\n\\","</h1>\\n\\","<h3>{{env.npm_package_description}}</h3>\\n\\","<!-- utility2-comment\\n\\","<h4><a download href=\"assets.app.js\">download standalone app</a></h4>\\n\\","<button class=\"onclick onreset\" id=\"testRunButton1\">run internal test</button><br>\\n\\","<div id=\"testReportDiv1\" style=\"display: none;\"></div>\\n\\","utility2-comment -->\\n\\","\\n\\","\\n\\","\\n\\","<label>stderr and stdout</label>\\n\\","<textarea class=\"resettable\" id=\"outputTextareaStdout1\" readonly></textarea>\\n\\","<!-- utility2-comment\\n\\","{{#if isRollup}}\\n\\","<script src=\"assets.app.js\"></script>\\n\\","{{#unless isRollup}}\\n\\","utility2-comment -->\\n\\","<script src=\"assets.utility2.rollup.js\"></script>\\n\\","<script src=\"jsonp.utility2._stateInit?callback=window.utility2._stateInit\"></script>\\n\\","<script src=\"assets.npmtest_bcryptjs.rollup.js\"></script>\\n\\","<script src=\"assets.example.js\"></script>\\n\\","<script src=\"assets.test.js\"></script>\\n\\","<!-- utility2-comment\\n\\","{{/if isRollup}}\\n\\","utility2-comment -->\\n\\","<div class=\"utility2FooterDiv\">\\n\\","    [ this app was created with\\n\\","    <a href=\"https://github.com/kaizhu256/node-utility2\" target=\"_blank\">utility2</a>\\n\\","    ]\\n\\","</div>\\n\\","</body>\\n\\","</html>\\n\\","';","        /* jslint-ignore-end */","        if (local.templateRender) {","            local.assetsDict['/'] = local.templateRender(","                local.assetsDict['/assets.index.template.html'],","                {","                    env: local.objectSetDefault(local.env, {","                        npm_package_description: 'the greatest app in the world!',","                        npm_package_name: 'my-app',","                        npm_package_nameAlias: 'my_app',","                        npm_package_version: '0.0.1'","                    })","                }","            );","        } else {","            local.assetsDict['/'] = local.assetsDict['/assets.index.template.html']","                .replace((/\\{\\{env\\.(\\w+?)\\}\\}/g), function (match0, match1) {","                    // jslint-hack","                    String(match0);","                    switch (match1) {","                    case 'npm_package_description':","                        return 'the greatest app in the world!';","                    case 'npm_package_name':","                        return 'my-app';","                    case 'npm_package_nameAlias':","                        return 'my_app';","                    case 'npm_package_version':","                        return '0.0.1';","                    }","                });","        }","        // run the cli","        if (local.global.utility2_rollup || module !== require.main) {","            break;","        }","        local.assetsDict['/assets.example.js'] =","            local.assetsDict['/assets.example.js'] ||","            local.fs.readFileSync(__filename, 'utf8');","        local.assetsDict['/assets.npmtest_bcryptjs.rollup.js'] =","            local.assetsDict['/assets.npmtest_bcryptjs.rollup.js'] ||","            local.fs.readFileSync(","                // buildCustomOrg-hack","                local.npmtest_bcryptjs.__dirname +","                    '/lib.npmtest_bcryptjs.js',","                'utf8'","            ).replace((/^#!/), '//');","        local.assetsDict['/favicon.ico'] = local.assetsDict['/favicon.ico'] || '';","        // if $npm_config_timeout_exit exists,","        // then exit this process after $npm_config_timeout_exit ms","        if (Number(process.env.npm_config_timeout_exit)) {","            setTimeout(process.exit, Number(process.env.npm_config_timeout_exit));","        }","        // start server","        if (local.global.utility2_serverHttp1) {","            break;","        }","        process.env.PORT = process.env.PORT || '8081';","        console.error('server starting on port ' + process.env.PORT);","        local.http.createServer(function (request, response) {","            request.urlParsed = local.url.parse(request.url);","            if (local.assetsDict[request.urlParsed.pathname] !== undefined) {","                response.end(local.assetsDict[request.urlParsed.pathname]);","                return;","            }","            response.statusCode = 404;","            response.end();","        }).listen(process.env.PORT);","        break;","    }","}());",""],"l":{"26":2,"28":2,"33":2,"35":2,"37":2,"38":2,"39":2,"44":1,"51":2,"55":2,"59":2,"61":2,"69":1,"70":2,"76":2,"79":2,"82":2,"83":2,"85":1,"89":2,"92":1,"93":1,"94":1,"96":1,"97":1,"100":1,"101":1,"103":1,"106":1,"108":2,"114":1,"116":1,"118":1,"123":1,"124":2,"125":2,"126":2,"127":2,"128":2,"129":2,"130":1,"133":2,"134":2,"139":2,"143":1,"144":3,"145":1,"149":1,"150":1,"158":1,"160":1,"161":1,"162":1,"164":1,"166":1,"258":1,"259":1,"271":1,"274":6,"275":6,"277":1,"279":2,"281":1,"283":2,"288":1,"289":1,"291":1,"294":1,"302":1,"305":1,"306":1,"309":1,"310":1,"312":1,"313":1,"314":1,"315":1,"316":1,"317":1,"318":1,"320":1,"321":1,"323":1}},"/home/travis/build/npmtest/node-npmtest-bcryptjs/bcryptjs/index.js":{"path":"/home/travis/build/npmtest/node-npmtest-bcryptjs/bcryptjs/index.js","s":{"1":1},"b":{},"f":{},"fnMap":{},"statementMap":{"1":{"start":{"line":29,"column":0},"end":{"line":29,"column":45}}},"branchMap":{},"code":["/*"," Copyright (c) 2012 Nevins Bartolomeo <nevins.bartolomeo@gmail.com>"," Copyright (c) 2012 Shane Girish <shaneGirish@gmail.com>"," Copyright (c) 2013 Daniel Wirtz <dcode@dcode.io>",""," Redistribution and use in source and binary forms, with or without"," modification, are permitted provided that the following conditions"," are met:"," 1. Redistributions of source code must retain the above copyright"," notice, this list of conditions and the following disclaimer."," 2. Redistributions in binary form must reproduce the above copyright"," notice, this list of conditions and the following disclaimer in the"," documentation and/or other materials provided with the distribution."," 3. The name of the author may not be used to endorse or promote products"," derived from this software without specific prior written permission.",""," THIS SOFTWARE IS PROVIDED BY THE AUTHOR ``AS IS'' AND ANY EXPRESS OR"," IMPLIED WARRANTIES, INCLUDING, BUT NOT LIMITED TO, THE IMPLIED WARRANTIES"," OF MERCHANTABILITY AND FITNESS FOR A PARTICULAR PURPOSE ARE DISCLAIMED."," IN NO EVENT SHALL THE AUTHOR BE LIABLE FOR ANY DIRECT, INDIRECT,"," INCIDENTAL, SPECIAL, EXEMPLARY, OR CONSEQUENTIAL DAMAGES (INCLUDING, BUT"," NOT LIMITED TO, PROCUREMENT OF SUBSTITUTE GOODS OR SERVICES; LOSS OF USE,"," DATA, OR PROFITS; OR BUSINESS INTERRUPTION) HOWEVER CAUSED AND ON ANY"," THEORY OF LIABILITY, WHETHER IN CONTRACT, STRICT LIABILITY, OR TORT"," (INCLUDING NEGLIGENCE OR OTHERWISE) ARISING IN ANY WAY OUT OF THE USE OF"," THIS SOFTWARE, EVEN IF ADVISED OF THE POSSIBILITY OF SUCH DAMAGE."," */","","module.exports = require(\"./dist/bcrypt.js\");",""],"l":{"29":1}},"/home/travis/build/npmtest/node-npmtest-bcryptjs/bcryptjs/dist/bcrypt.js":{"path":"/home/travis/build/npmtest/node-npmtest-bcryptjs/bcryptjs/dist/bcrypt.js","s":{"1":1,"2":1,"3":0,"4":1,"5":1,"6":0,"7":1,"8":1,"9":1,"10":1,"11":1,"12":1,"13":0,"14":0,"15":0,"16":0,"17":0,"18":0,"19":0,"20":1,"21":1,"22":1,"23":1,"24":1,"25":1,"26":0,"27":1,"28":0,"29":0,"30":0,"31":0,"32":0,"33":0,"34":0,"35":0,"36":0,"37":0,"38":0,"39":0,"40":0,"41":0,"42":0,"43":1,"44":0,"45":0,"46":0,"47":0,"48":0,"49":0,"50":0,"51":0,"52":1,"53":0,"54":0,"55":0,"56":0,"57":0,"58":0,"59":0,"60":0,"61":0,"62":0,"63":0,"64":0,"65":0,"66":0,"67":1,"68":0,"69":0,"70":0,"71":0,"72":0,"73":0,"74":0,"75":1,"76":1,"77":0,"78":0,"79":0,"80":0,"81":0,"82":0,"83":0,"84":0,"85":0,"86":0,"87":0,"88":0,"89":0,"90":0,"91":0,"92":0,"93":1,"94":0,"95":0,"96":0,"97":0,"98":0,"99":0,"100":0,"101":0,"102":1,"103":0,"104":0,"105":0,"106":0,"107":0,"108":1,"109":1,"110":0,"111":0,"112":0,"113":0,"114":0,"115":0,"116":0,"117":0,"118":0,"119":0,"120":0,"121":0,"122":0,"123":0,"124":0,"125":0,"126":0,"127":0,"128":0,"129":0,"130":1,"131":0,"132":0,"133":0,"134":1,"135":0,"136":0,"137":0,"138":0,"139":0,"140":1,"141":1,"142":0,"143":0,"144":0,"145":0,"146":0,"147":0,"148":0,"149":1,"150":1,"151":1,"152":1,"153":0,"154":0,"155":0,"156":0,"157":0,"158":0,"159":0,"160":0,"161":0,"162":0,"163":0,"164":0,"165":0,"166":0,"167":0,"168":0,"169":0,"170":0,"171":0,"172":0,"173":0,"174":0,"175":1,"176":0,"177":0,"178":0,"179":0,"180":0,"181":0,"182":0,"183":0,"184":0,"185":0,"186":0,"187":0,"188":0,"189":0,"190":0,"191":0,"192":0,"193":0,"194":0,"195":0,"196":0,"197":0,"198":0,"199":0,"200":0,"201":0,"202":0,"203":0,"204":0,"205":0,"206":0,"207":0,"208":0,"209":0,"210":1,"211":1,"212":1,"213":1,"214":0,"215":0,"216":0,"217":0,"218":0,"219":0,"220":0,"221":0,"222":0,"223":0,"224":0,"225":0,"226":0,"227":1,"228":0,"229":0,"230":0,"231":0,"232":0,"233":0,"234":0,"235":0,"236":0,"237":0,"238":0,"239":0,"240":0,"241":0,"242":0,"243":0,"244":1,"245":0,"246":0,"247":0,"248":0,"249":0,"250":0,"251":0,"252":0,"253":0,"254":0,"255":0,"256":0,"257":0,"258":1,"259":0,"260":0,"261":0,"262":0,"263":0,"264":0,"265":0,"266":0,"267":0,"268":1,"269":0,"270":0,"271":1,"272":0,"273":0,"274":1,"275":0,"276":1,"277":0,"278":0,"279":0,"280":0,"281":1,"282":0,"283":0,"284":0,"285":0,"286":0,"287":1,"288":1,"289":0,"290":1,"291":1,"292":1,"293":1,"294":1,"295":1,"296":1,"297":1,"298":0,"299":0,"300":0,"301":0,"302":0,"303":0,"304":0,"305":0,"306":0,"307":0,"308":0,"309":0,"310":0,"311":0,"312":0,"313":0,"314":0,"315":0,"316":0,"317":0,"318":0,"319":0,"320":0,"321":0,"322":0,"323":0,"324":0,"325":0,"326":0,"327":0,"328":0,"329":0,"330":0,"331":0,"332":0,"333":0,"334":0,"335":0,"336":0,"337":0,"338":0,"339":0,"340":0,"341":0,"342":0,"343":0,"344":0,"345":0,"346":0,"347":0,"348":0,"349":0,"350":0,"351":0,"352":0,"353":0,"354":0,"355":0,"356":0,"357":0,"358":0,"359":0,"360":0,"361":0,"362":0,"363":0,"364":0,"365":0,"366":0,"367":0,"368":0,"369":0,"370":0,"371":0,"372":0,"373":0,"374":0,"375":0,"376":0,"377":0,"378":0,"379":0,"380":0,"381":0,"382":0,"383":1,"384":0,"385":0,"386":0,"387":1,"388":0,"389":0,"390":0,"391":0,"392":0,"393":0,"394":0,"395":1,"396":0,"397":0,"398":0,"399":0,"400":0,"401":0,"402":0,"403":0,"404":1,"405":0,"406":0,"407":0,"408":0,"409":0,"410":0,"411":0,"412":0,"413":0,"414":0,"415":0,"416":0,"417":0,"418":0,"419":0,"420":0,"421":0,"422":0,"423":0,"424":0,"425":0,"426":1,"427":0,"428":0,"429":0,"430":0,"431":0,"432":0,"433":0,"434":0,"435":0,"436":0,"437":0,"438":0,"439":0,"440":0,"441":0,"442":0,"443":0,"444":0,"445":0,"446":0,"447":0,"448":0,"449":0,"450":0,"451":0,"452":0,"453":0,"454":0,"455":1,"456":0,"457":0,"458":0,"459":0,"460":0,"461":0,"462":0,"463":0,"464":0,"465":0,"466":0,"467":0,"468":0,"469":0,"470":0,"471":0,"472":0,"473":0,"474":0,"475":0,"476":0,"477":0,"478":0,"479":0,"480":0,"481":0,"482":0,"483":0,"484":0,"485":0,"486":0,"487":0,"488":0,"489":1,"490":0,"491":0,"492":0,"493":0,"494":0,"495":0,"496":0,"497":0,"498":0,"499":0,"500":0,"501":0,"502":0,"503":0,"504":0,"505":0,"506":0,"507":0,"508":1,"509":1,"510":1},"b":{"1":[0,1],"2":[1,0],"3":[1,0],"4":[1,1,1,1],"5":[0,0],"6":[1,0],"7":[1,1,1],"8":[0,0],"9":[0,0],"10":[0,0],"11":[0,0],"12":[0,0],"13":[0,0],"14":[0,0],"15":[0,0],"16":[0,0],"17":[0,0],"18":[0,0],"19":[0,0],"20":[0,0],"21":[0,0],"22":[0,0],"23":[0,0],"24":[0,0],"25":[0,0],"26":[0,0],"27":[0,0],"28":[0,0],"29":[0,0],"30":[0,0],"31":[0,0],"32":[0,0],"33":[0,0],"34":[0,0],"35":[0,0],"36":[0,0],"37":[0,0],"38":[0,0],"39":[0,0],"40":[0,0],"41":[0,0],"42":[0,0],"43":[0,0],"44":[0,0],"45":[0,0],"46":[0,0],"47":[0,0],"48":[1,0],"49":[1,1,1],"50":[1,0],"51":[0,0],"52":[0,0],"53":[0,0],"54":[0,0],"55":[0,0],"56":[0,0],"57":[0,0],"58":[0,0],"59":[0,0],"60":[0,0],"61":[0,0],"62":[0,0],"63":[0,0],"64":[0,0],"65":[0,0],"66":[0,0],"67":[0,0],"68":[0,0],"69":[0,0],"70":[0,0],"71":[0,0],"72":[0,0],"73":[0,0],"74":[0,0],"75":[0,0],"76":[0,0],"77":[0,0],"78":[0,0,0],"79":[0,0],"80":[0,0,0,0],"81":[0,0],"82":[0,0],"83":[0,0],"84":[0,0],"85":[0,0],"86":[0,0],"87":[0,0],"88":[0,0],"89":[0,0],"90":[0,0],"91":[0,0],"92":[0,0],"93":[0,0],"94":[0,0],"95":[1,0],"96":[0,0],"97":[0,0],"98":[0,0],"99":[0,0],"100":[0,0],"101":[0,0],"102":[0,0],"103":[0,0],"104":[0,0],"105":[0,0],"106":[0,0],"107":[0,0],"108":[0,0],"109":[0,0],"110":[0,0],"111":[0,0],"112":[0,0],"113":[0,0],"114":[0,0],"115":[0,0],"116":[0,0],"117":[0,0],"118":[0,0,0,0],"119":[0,0],"120":[0,0],"121":[0,0],"122":[0,0],"123":[0,0],"124":[0,0],"125":[0,0],"126":[0,0]},"f":{"1":1,"2":1,"3":1,"4":0,"5":0,"6":0,"7":0,"8":0,"9":0,"10":0,"11":0,"12":0,"13":0,"14":0,"15":0,"16":0,"17":0,"18":0,"19":0,"20":0,"21":0,"22":0,"23":0,"24":0,"25":0,"26":0,"27":0,"28":0,"29":0,"30":0,"31":1,"32":0,"33":0,"34":0,"35":0,"36":0,"37":0,"38":0,"39":0,"40":0,"41":0,"42":0,"43":0,"44":0,"45":0,"46":0,"47":0,"48":0,"49":0,"50":0,"51":0,"52":0,"53":0,"54":0,"55":0,"56":0},"fnMap":{"1":{"name":"(anonymous_1)","line":34,"loc":{"start":{"line":34,"column":1},"end":{"line":34,"column":27}}},"2":{"name":"(anonymous_2)","line":43,"loc":{"start":{"line":43,"column":8},"end":{"line":43,"column":19}}},"3":{"name":"random","line":67,"loc":{"start":{"line":67,"column":4},"end":{"line":67,"column":25}}},"4":{"name":"(anonymous_4)","line":99,"loc":{"start":{"line":99,"column":31},"end":{"line":99,"column":48}}},"5":{"name":"(anonymous_5)","line":111,"loc":{"start":{"line":111,"column":25},"end":{"line":111,"column":55}}},"6":{"name":"(anonymous_6)","line":138,"loc":{"start":{"line":138,"column":21},"end":{"line":138,"column":61}}},"7":{"name":"_async","line":150,"loc":{"start":{"line":150,"column":8},"end":{"line":150,"column":34}}},"8":{"name":"(anonymous_8)","line":151,"loc":{"start":{"line":151,"column":21},"end":{"line":151,"column":32}}},"9":{"name":"(anonymous_9)","line":165,"loc":{"start":{"line":165,"column":31},"end":{"line":165,"column":57}}},"10":{"name":"(anonymous_10)","line":166,"loc":{"start":{"line":166,"column":23},"end":{"line":166,"column":42}}},"11":{"name":"(anonymous_11)","line":183,"loc":{"start":{"line":183,"column":22},"end":{"line":183,"column":40}}},"12":{"name":"(anonymous_12)","line":204,"loc":{"start":{"line":204,"column":18},"end":{"line":204,"column":64}}},"13":{"name":"_async","line":206,"loc":{"start":{"line":206,"column":8},"end":{"line":206,"column":34}}},"14":{"name":"(anonymous_14)","line":208,"loc":{"start":{"line":208,"column":37},"end":{"line":208,"column":57}}},"15":{"name":"(anonymous_15)","line":222,"loc":{"start":{"line":222,"column":31},"end":{"line":222,"column":57}}},"16":{"name":"(anonymous_16)","line":223,"loc":{"start":{"line":223,"column":23},"end":{"line":223,"column":42}}},"17":{"name":"safeStringCompare","line":240,"loc":{"start":{"line":240,"column":4},"end":{"line":240,"column":47}}},"18":{"name":"(anonymous_18)","line":263,"loc":{"start":{"line":263,"column":25},"end":{"line":263,"column":43}}},"19":{"name":"(anonymous_19)","line":282,"loc":{"start":{"line":282,"column":21},"end":{"line":282,"column":67}}},"20":{"name":"_async","line":284,"loc":{"start":{"line":284,"column":8},"end":{"line":284,"column":34}}},"21":{"name":"(anonymous_21)","line":293,"loc":{"start":{"line":293,"column":47},"end":{"line":293,"column":67}}},"22":{"name":"(anonymous_22)","line":306,"loc":{"start":{"line":306,"column":31},"end":{"line":306,"column":57}}},"23":{"name":"(anonymous_23)","line":307,"loc":{"start":{"line":307,"column":23},"end":{"line":307,"column":42}}},"24":{"name":"(anonymous_24)","line":324,"loc":{"start":{"line":324,"column":23},"end":{"line":324,"column":38}}},"25":{"name":"(anonymous_25)","line":337,"loc":{"start":{"line":337,"column":21},"end":{"line":337,"column":36}}},"26":{"name":"stringToBytes","line":361,"loc":{"start":{"line":361,"column":4},"end":{"line":361,"column":32}}},"27":{"name":"(anonymous_27)","line":364,"loc":{"start":{"line":364,"column":31},"end":{"line":364,"column":42}}},"28":{"name":"(anonymous_28)","line":367,"loc":{"start":{"line":367,"column":11},"end":{"line":367,"column":23}}},"29":{"name":"base64_encode","line":410,"loc":{"start":{"line":410,"column":4},"end":{"line":410,"column":35}}},"30":{"name":"base64_decode","line":447,"loc":{"start":{"line":447,"column":4},"end":{"line":447,"column":35}}},"31":{"name":"(anonymous_31)","line":494,"loc":{"start":{"line":494,"column":15},"end":{"line":494,"column":26}}},"32":{"name":"(anonymous_32)","line":517,"loc":{"start":{"line":517,"column":26},"end":{"line":517,"column":45}}},"33":{"name":"(anonymous_33)","line":521,"loc":{"start":{"line":521,"column":22},"end":{"line":521,"column":33}}},"34":{"name":"(anonymous_34)","line":550,"loc":{"start":{"line":550,"column":26},"end":{"line":550,"column":45}}},"35":{"name":"(anonymous_35)","line":551,"loc":{"start":{"line":551,"column":35},"end":{"line":551,"column":47}}},"36":{"name":"(anonymous_36)","line":581,"loc":{"start":{"line":581,"column":27},"end":{"line":581,"column":46}}},"37":{"name":"(anonymous_37)","line":606,"loc":{"start":{"line":606,"column":27},"end":{"line":606,"column":46}}},"38":{"name":"(anonymous_38)","line":609,"loc":{"start":{"line":609,"column":32},"end":{"line":609,"column":43}}},"39":{"name":"(anonymous_39)","line":627,"loc":{"start":{"line":627,"column":33},"end":{"line":627,"column":52}}},"40":{"name":"(anonymous_40)","line":628,"loc":{"start":{"line":628,"column":34},"end":{"line":628,"column":47}}},"41":{"name":"(anonymous_41)","line":641,"loc":{"start":{"line":641,"column":33},"end":{"line":641,"column":52}}},"42":{"name":"(anonymous_42)","line":642,"loc":{"start":{"line":642,"column":33},"end":{"line":642,"column":46}}},"43":{"name":"(anonymous_43)","line":652,"loc":{"start":{"line":652,"column":34},"end":{"line":652,"column":47}}},"44":{"name":"(anonymous_44)","line":662,"loc":{"start":{"line":662,"column":29},"end":{"line":662,"column":43}}},"45":{"name":"(anonymous_45)","line":675,"loc":{"start":{"line":675,"column":36},"end":{"line":675,"column":50}}},"46":{"name":"(anonymous_46)","line":677,"loc":{"start":{"line":677,"column":34},"end":{"line":677,"column":47}}},"47":{"name":"(anonymous_47)","line":686,"loc":{"start":{"line":686,"column":27},"end":{"line":686,"column":38}}},"48":{"name":"_encipher","line":959,"loc":{"start":{"line":959,"column":4},"end":{"line":959,"column":38}}},"49":{"name":"_streamtoword","line":1083,"loc":{"start":{"line":1083,"column":4},"end":{"line":1083,"column":39}}},"50":{"name":"_key","line":1096,"loc":{"start":{"line":1096,"column":4},"end":{"line":1096,"column":29}}},"51":{"name":"_ekskey","line":1124,"loc":{"start":{"line":1124,"column":4},"end":{"line":1124,"column":38}}},"52":{"name":"_crypt","line":1168,"loc":{"start":{"line":1168,"column":4},"end":{"line":1168,"column":65}}},"53":{"name":"next","line":1210,"loc":{"start":{"line":1210,"column":8},"end":{"line":1210,"column":24}}},"54":{"name":"_hash","line":1265,"loc":{"start":{"line":1265,"column":4},"end":{"line":1265,"column":56}}},"55":{"name":"finish","line":1328,"loc":{"start":{"line":1328,"column":8},"end":{"line":1328,"column":31}}},"56":{"name":"(anonymous_56)","line":1349,"loc":{"start":{"line":1349,"column":45},"end":{"line":1349,"column":66}}}},"statementMap":{"1":{"start":{"line":34,"column":0},"end":{"line":1379,"column":4}},"2":{"start":{"line":36,"column":14},"end":{"line":41,"column":76}},"3":{"start":{"line":37,"column":8},"end":{"line":37,"column":28}},"4":{"start":{"line":38,"column":24},"end":{"line":41,"column":76}},"5":{"start":{"line":39,"column":8},"end":{"line":39,"column":38}},"6":{"start":{"line":41,"column":8},"end":{"line":41,"column":76}},"7":{"start":{"line":50,"column":4},"end":{"line":50,"column":20}},"8":{"start":{"line":57,"column":4},"end":{"line":57,"column":30}},"9":{"start":{"line":67,"column":4},"end":{"line":79,"column":5}},"10":{"start":{"line":68,"column":19},"end":{"line":71,"column":26}},"11":{"start":{"line":69,"column":12},"end":{"line":71,"column":26}},"12":{"start":{"line":70,"column":16},"end":{"line":70,"column":61}},"13":{"start":{"line":72,"column":18},"end":{"line":75,"column":22}},"14":{"start":{"line":73,"column":12},"end":{"line":73,"column":18}},"15":{"start":{"line":73,"column":19},"end":{"line":73,"column":99}},"16":{"start":{"line":74,"column":12},"end":{"line":74,"column":49}},"17":{"start":{"line":76,"column":23},"end":{"line":77,"column":133}},"18":{"start":{"line":77,"column":12},"end":{"line":77,"column":133}},"19":{"start":{"line":78,"column":8},"end":{"line":78,"column":35}},"20":{"start":{"line":82,"column":4},"end":{"line":82,"column":32}},"21":{"start":{"line":83,"column":4},"end":{"line":86,"column":18}},"22":{"start":{"line":84,"column":8},"end":{"line":84,"column":18}},"23":{"start":{"line":85,"column":8},"end":{"line":85,"column":31}},"24":{"start":{"line":89,"column":4},"end":{"line":89,"column":26}},"25":{"start":{"line":99,"column":4},"end":{"line":101,"column":6}},"26":{"start":{"line":100,"column":8},"end":{"line":100,"column":32}},"27":{"start":{"line":111,"column":4},"end":{"line":127,"column":6}},"28":{"start":{"line":112,"column":8},"end":{"line":112,"column":55}},"29":{"start":{"line":113,"column":8},"end":{"line":114,"column":89}},"30":{"start":{"line":114,"column":12},"end":{"line":114,"column":89}},"31":{"start":{"line":115,"column":8},"end":{"line":118,"column":24}},"32":{"start":{"line":116,"column":12},"end":{"line":116,"column":23}},"33":{"start":{"line":117,"column":13},"end":{"line":118,"column":24}},"34":{"start":{"line":118,"column":12},"end":{"line":118,"column":24}},"35":{"start":{"line":119,"column":8},"end":{"line":119,"column":22}},"36":{"start":{"line":120,"column":8},"end":{"line":120,"column":26}},"37":{"start":{"line":121,"column":8},"end":{"line":122,"column":27}},"38":{"start":{"line":122,"column":12},"end":{"line":122,"column":27}},"39":{"start":{"line":123,"column":8},"end":{"line":123,"column":37}},"40":{"start":{"line":124,"column":8},"end":{"line":124,"column":23}},"41":{"start":{"line":125,"column":8},"end":{"line":125,"column":75}},"42":{"start":{"line":126,"column":8},"end":{"line":126,"column":29}},"43":{"start":{"line":138,"column":4},"end":{"line":174,"column":6}},"44":{"start":{"line":139,"column":8},"end":{"line":141,"column":36}},"45":{"start":{"line":140,"column":12},"end":{"line":141,"column":36}},"46":{"start":{"line":142,"column":8},"end":{"line":144,"column":31}},"47":{"start":{"line":143,"column":12},"end":{"line":144,"column":31}},"48":{"start":{"line":145,"column":8},"end":{"line":148,"column":63}},"49":{"start":{"line":146,"column":12},"end":{"line":146,"column":49}},"50":{"start":{"line":147,"column":13},"end":{"line":148,"column":63}},"51":{"start":{"line":148,"column":12},"end":{"line":148,"column":63}},"52":{"start":{"line":150,"column":8},"end":{"line":158,"column":9}},"53":{"start":{"line":151,"column":12},"end":{"line":157,"column":15}},"54":{"start":{"line":152,"column":16},"end":{"line":156,"column":17}},"55":{"start":{"line":153,"column":20},"end":{"line":153,"column":63}},"56":{"start":{"line":155,"column":20},"end":{"line":155,"column":34}},"57":{"start":{"line":160,"column":8},"end":{"line":173,"column":15}},"58":{"start":{"line":161,"column":12},"end":{"line":162,"column":67}},"59":{"start":{"line":162,"column":16},"end":{"line":162,"column":67}},"60":{"start":{"line":163,"column":12},"end":{"line":163,"column":29}},"61":{"start":{"line":165,"column":12},"end":{"line":173,"column":15}},"62":{"start":{"line":166,"column":16},"end":{"line":172,"column":19}},"63":{"start":{"line":167,"column":20},"end":{"line":170,"column":21}},"64":{"start":{"line":168,"column":24},"end":{"line":168,"column":36}},"65":{"start":{"line":169,"column":24},"end":{"line":169,"column":31}},"66":{"start":{"line":171,"column":20},"end":{"line":171,"column":33}},"67":{"start":{"line":183,"column":4},"end":{"line":191,"column":6}},"68":{"start":{"line":184,"column":8},"end":{"line":185,"column":47}},"69":{"start":{"line":185,"column":12},"end":{"line":185,"column":47}},"70":{"start":{"line":186,"column":8},"end":{"line":187,"column":44}},"71":{"start":{"line":187,"column":12},"end":{"line":187,"column":44}},"72":{"start":{"line":188,"column":8},"end":{"line":189,"column":77}},"73":{"start":{"line":189,"column":12},"end":{"line":189,"column":77}},"74":{"start":{"line":190,"column":8},"end":{"line":190,"column":30}},"75":{"start":{"line":204,"column":4},"end":{"line":231,"column":6}},"76":{"start":{"line":206,"column":8},"end":{"line":215,"column":9}},"77":{"start":{"line":207,"column":12},"end":{"line":214,"column":106}},"78":{"start":{"line":208,"column":16},"end":{"line":210,"column":19}},"79":{"start":{"line":209,"column":20},"end":{"line":209,"column":63}},"80":{"start":{"line":211,"column":17},"end":{"line":214,"column":106}},"81":{"start":{"line":212,"column":16},"end":{"line":212,"column":59}},"82":{"start":{"line":214,"column":16},"end":{"line":214,"column":106}},"83":{"start":{"line":217,"column":8},"end":{"line":230,"column":15}},"84":{"start":{"line":218,"column":12},"end":{"line":219,"column":67}},"85":{"start":{"line":219,"column":16},"end":{"line":219,"column":67}},"86":{"start":{"line":220,"column":12},"end":{"line":220,"column":29}},"87":{"start":{"line":222,"column":12},"end":{"line":230,"column":15}},"88":{"start":{"line":223,"column":16},"end":{"line":229,"column":19}},"89":{"start":{"line":224,"column":20},"end":{"line":227,"column":21}},"90":{"start":{"line":225,"column":24},"end":{"line":225,"column":36}},"91":{"start":{"line":226,"column":24},"end":{"line":226,"column":31}},"92":{"start":{"line":228,"column":20},"end":{"line":228,"column":33}},"93":{"start":{"line":240,"column":4},"end":{"line":253,"column":5}},"94":{"start":{"line":241,"column":8},"end":{"line":242,"column":22}},"95":{"start":{"line":243,"column":8},"end":{"line":248,"column":9}},"96":{"start":{"line":244,"column":12},"end":{"line":247,"column":24}},"97":{"start":{"line":245,"column":16},"end":{"line":245,"column":24}},"98":{"start":{"line":247,"column":16},"end":{"line":247,"column":24}},"99":{"start":{"line":250,"column":8},"end":{"line":251,"column":25}},"100":{"start":{"line":251,"column":12},"end":{"line":251,"column":25}},"101":{"start":{"line":252,"column":8},"end":{"line":252,"column":27}},"102":{"start":{"line":263,"column":4},"end":{"line":269,"column":6}},"103":{"start":{"line":264,"column":8},"end":{"line":265,"column":77}},"104":{"start":{"line":265,"column":12},"end":{"line":265,"column":77}},"105":{"start":{"line":266,"column":8},"end":{"line":267,"column":25}},"106":{"start":{"line":267,"column":12},"end":{"line":267,"column":25}},"107":{"start":{"line":268,"column":8},"end":{"line":268,"column":91}},"108":{"start":{"line":282,"column":4},"end":{"line":315,"column":6}},"109":{"start":{"line":284,"column":8},"end":{"line":299,"column":9}},"110":{"start":{"line":285,"column":12},"end":{"line":288,"column":13}},"111":{"start":{"line":286,"column":16},"end":{"line":286,"column":106}},"112":{"start":{"line":287,"column":16},"end":{"line":287,"column":23}},"113":{"start":{"line":289,"column":12},"end":{"line":292,"column":13}},"114":{"start":{"line":290,"column":16},"end":{"line":290,"column":59}},"115":{"start":{"line":291,"column":16},"end":{"line":291,"column":23}},"116":{"start":{"line":293,"column":12},"end":{"line":298,"column":33}},"117":{"start":{"line":294,"column":16},"end":{"line":297,"column":66}},"118":{"start":{"line":295,"column":20},"end":{"line":295,"column":34}},"119":{"start":{"line":297,"column":20},"end":{"line":297,"column":66}},"120":{"start":{"line":301,"column":8},"end":{"line":314,"column":15}},"121":{"start":{"line":302,"column":12},"end":{"line":303,"column":67}},"122":{"start":{"line":303,"column":16},"end":{"line":303,"column":67}},"123":{"start":{"line":304,"column":12},"end":{"line":304,"column":29}},"124":{"start":{"line":306,"column":12},"end":{"line":314,"column":15}},"125":{"start":{"line":307,"column":16},"end":{"line":313,"column":19}},"126":{"start":{"line":308,"column":20},"end":{"line":311,"column":21}},"127":{"start":{"line":309,"column":24},"end":{"line":309,"column":36}},"128":{"start":{"line":310,"column":24},"end":{"line":310,"column":31}},"129":{"start":{"line":312,"column":20},"end":{"line":312,"column":33}},"130":{"start":{"line":324,"column":4},"end":{"line":328,"column":6}},"131":{"start":{"line":325,"column":8},"end":{"line":326,"column":61}},"132":{"start":{"line":326,"column":12},"end":{"line":326,"column":61}},"133":{"start":{"line":327,"column":8},"end":{"line":327,"column":48}},"134":{"start":{"line":337,"column":4},"end":{"line":343,"column":6}},"135":{"start":{"line":338,"column":8},"end":{"line":339,"column":61}},"136":{"start":{"line":339,"column":12},"end":{"line":339,"column":61}},"137":{"start":{"line":340,"column":8},"end":{"line":341,"column":70}},"138":{"start":{"line":341,"column":12},"end":{"line":341,"column":70}},"139":{"start":{"line":342,"column":8},"end":{"line":342,"column":37}},"140":{"start":{"line":351,"column":4},"end":{"line":353,"column":21}},"141":{"start":{"line":361,"column":4},"end":{"line":371,"column":5}},"142":{"start":{"line":362,"column":8},"end":{"line":363,"column":18}},"143":{"start":{"line":364,"column":8},"end":{"line":369,"column":11}},"144":{"start":{"line":365,"column":12},"end":{"line":365,"column":45}},"145":{"start":{"line":365,"column":33},"end":{"line":365,"column":45}},"146":{"start":{"line":366,"column":12},"end":{"line":366,"column":39}},"147":{"start":{"line":368,"column":12},"end":{"line":368,"column":24}},"148":{"start":{"line":370,"column":8},"end":{"line":370,"column":19}},"149":{"start":{"line":381,"column":4},"end":{"line":381,"column":99}},"150":{"start":{"line":388,"column":4},"end":{"line":395,"column":52}},"151":{"start":{"line":401,"column":4},"end":{"line":401,"column":49}},"152":{"start":{"line":410,"column":4},"end":{"line":438,"column":5}},"153":{"start":{"line":411,"column":8},"end":{"line":413,"column":19}},"154":{"start":{"line":414,"column":8},"end":{"line":415,"column":45}},"155":{"start":{"line":415,"column":12},"end":{"line":415,"column":45}},"156":{"start":{"line":416,"column":8},"end":{"line":436,"column":9}},"157":{"start":{"line":417,"column":12},"end":{"line":417,"column":33}},"158":{"start":{"line":418,"column":12},"end":{"line":418,"column":51}},"159":{"start":{"line":419,"column":12},"end":{"line":419,"column":34}},"160":{"start":{"line":420,"column":12},"end":{"line":423,"column":13}},"161":{"start":{"line":421,"column":16},"end":{"line":421,"column":48}},"162":{"start":{"line":422,"column":16},"end":{"line":422,"column":22}},"163":{"start":{"line":424,"column":12},"end":{"line":424,"column":33}},"164":{"start":{"line":425,"column":12},"end":{"line":425,"column":35}},"165":{"start":{"line":426,"column":12},"end":{"line":426,"column":44}},"166":{"start":{"line":427,"column":12},"end":{"line":427,"column":34}},"167":{"start":{"line":428,"column":12},"end":{"line":431,"column":13}},"168":{"start":{"line":429,"column":16},"end":{"line":429,"column":48}},"169":{"start":{"line":430,"column":16},"end":{"line":430,"column":22}},"170":{"start":{"line":432,"column":12},"end":{"line":432,"column":33}},"171":{"start":{"line":433,"column":12},"end":{"line":433,"column":35}},"172":{"start":{"line":434,"column":12},"end":{"line":434,"column":44}},"173":{"start":{"line":435,"column":12},"end":{"line":435,"column":44}},"174":{"start":{"line":437,"column":8},"end":{"line":437,"column":27}},"175":{"start":{"line":447,"column":4},"end":{"line":487,"column":5}},"176":{"start":{"line":448,"column":8},"end":{"line":452,"column":36}},"177":{"start":{"line":453,"column":8},"end":{"line":454,"column":45}},"178":{"start":{"line":454,"column":12},"end":{"line":454,"column":45}},"179":{"start":{"line":455,"column":8},"end":{"line":482,"column":9}},"180":{"start":{"line":456,"column":12},"end":{"line":456,"column":39}},"181":{"start":{"line":457,"column":12},"end":{"line":457,"column":70}},"182":{"start":{"line":458,"column":12},"end":{"line":458,"column":39}},"183":{"start":{"line":459,"column":12},"end":{"line":459,"column":70}},"184":{"start":{"line":460,"column":12},"end":{"line":461,"column":22}},"185":{"start":{"line":461,"column":16},"end":{"line":461,"column":22}},"186":{"start":{"line":462,"column":12},"end":{"line":462,"column":32}},"187":{"start":{"line":463,"column":12},"end":{"line":463,"column":34}},"188":{"start":{"line":464,"column":12},"end":{"line":464,"column":43}},"189":{"start":{"line":465,"column":12},"end":{"line":466,"column":22}},"190":{"start":{"line":466,"column":16},"end":{"line":466,"column":22}},"191":{"start":{"line":467,"column":12},"end":{"line":467,"column":39}},"192":{"start":{"line":468,"column":12},"end":{"line":468,"column":70}},"193":{"start":{"line":469,"column":12},"end":{"line":470,"column":22}},"194":{"start":{"line":470,"column":16},"end":{"line":470,"column":22}},"195":{"start":{"line":471,"column":12},"end":{"line":471,"column":41}},"196":{"start":{"line":472,"column":12},"end":{"line":472,"column":34}},"197":{"start":{"line":473,"column":12},"end":{"line":473,"column":43}},"198":{"start":{"line":474,"column":12},"end":{"line":475,"column":22}},"199":{"start":{"line":475,"column":16},"end":{"line":475,"column":22}},"200":{"start":{"line":476,"column":12},"end":{"line":476,"column":39}},"201":{"start":{"line":477,"column":12},"end":{"line":477,"column":70}},"202":{"start":{"line":478,"column":12},"end":{"line":478,"column":41}},"203":{"start":{"line":479,"column":12},"end":{"line":479,"column":20}},"204":{"start":{"line":480,"column":12},"end":{"line":480,"column":43}},"205":{"start":{"line":481,"column":12},"end":{"line":481,"column":19}},"206":{"start":{"line":483,"column":8},"end":{"line":483,"column":21}},"207":{"start":{"line":484,"column":8},"end":{"line":485,"column":44}},"208":{"start":{"line":485,"column":12},"end":{"line":485,"column":44}},"209":{"start":{"line":486,"column":8},"end":{"line":486,"column":19}},"210":{"start":{"line":494,"column":4},"end":{"line":684,"column":8}},"211":{"start":{"line":502,"column":8},"end":{"line":502,"column":22}},"212":{"start":{"line":509,"column":8},"end":{"line":509,"column":38}},"213":{"start":{"line":517,"column":8},"end":{"line":539,"column":10}},"214":{"start":{"line":518,"column":12},"end":{"line":518,"column":26}},"215":{"start":{"line":519,"column":12},"end":{"line":521,"column":50}},"216":{"start":{"line":520,"column":16},"end":{"line":521,"column":50}},"217":{"start":{"line":521,"column":35},"end":{"line":521,"column":47}},"218":{"start":{"line":522,"column":12},"end":{"line":538,"column":13}},"219":{"start":{"line":523,"column":16},"end":{"line":536,"column":40}},"220":{"start":{"line":524,"column":20},"end":{"line":524,"column":33}},"221":{"start":{"line":525,"column":21},"end":{"line":536,"column":40}},"222":{"start":{"line":526,"column":20},"end":{"line":527,"column":40}},"223":{"start":{"line":528,"column":21},"end":{"line":536,"column":40}},"224":{"start":{"line":529,"column":20},"end":{"line":531,"column":40}},"225":{"start":{"line":533,"column":20},"end":{"line":536,"column":40}},"226":{"start":{"line":537,"column":16},"end":{"line":537,"column":26}},"227":{"start":{"line":550,"column":8},"end":{"line":572,"column":10}},"228":{"start":{"line":551,"column":12},"end":{"line":557,"column":14}},"229":{"start":{"line":552,"column":16},"end":{"line":552,"column":48}},"230":{"start":{"line":553,"column":16},"end":{"line":553,"column":46}},"231":{"start":{"line":554,"column":16},"end":{"line":554,"column":44}},"232":{"start":{"line":555,"column":16},"end":{"line":555,"column":33}},"233":{"start":{"line":556,"column":16},"end":{"line":556,"column":26}},"234":{"start":{"line":558,"column":12},"end":{"line":571,"column":13}},"235":{"start":{"line":559,"column":16},"end":{"line":570,"column":67}},"236":{"start":{"line":560,"column":20},"end":{"line":560,"column":27}},"237":{"start":{"line":561,"column":21},"end":{"line":570,"column":67}},"238":{"start":{"line":562,"column":20},"end":{"line":563,"column":50}},"239":{"start":{"line":564,"column":21},"end":{"line":570,"column":67}},"240":{"start":{"line":565,"column":20},"end":{"line":566,"column":67}},"241":{"start":{"line":567,"column":21},"end":{"line":570,"column":67}},"242":{"start":{"line":568,"column":20},"end":{"line":569,"column":84}},"243":{"start":{"line":570,"column":21},"end":{"line":570,"column":67}},"244":{"start":{"line":581,"column":8},"end":{"line":597,"column":10}},"245":{"start":{"line":582,"column":12},"end":{"line":582,"column":30}},"246":{"start":{"line":583,"column":12},"end":{"line":595,"column":13}},"247":{"start":{"line":584,"column":16},"end":{"line":585,"column":26}},"248":{"start":{"line":585,"column":20},"end":{"line":585,"column":26}},"249":{"start":{"line":586,"column":16},"end":{"line":593,"column":17}},"250":{"start":{"line":587,"column":20},"end":{"line":592,"column":21}},"251":{"start":{"line":588,"column":24},"end":{"line":591,"column":25}},"252":{"start":{"li
[...]
    0x9b992f2e, 0xe60b6f47, 0x0fe3f11d, 0xe54cda54, 0x1edad891,","        0xce6279cf, 0xcd3e7e6f, 0x1618b166, 0xfd2c1d05, 0x848fd2c5,","        0xf6fb2299, 0xf523f357, 0xa6327623, 0x93a83531, 0x56cccd02,","        0xacf08162, 0x5a75ebb5, 0x6e163697, 0x88d273cc, 0xde966292,","        0x81b949d0, 0x4c50901b, 0x71c65614, 0xe6c6c7bd, 0x327a140a,","        0x45e1d006, 0xc3f27b9a, 0xc9aa53fd, 0x62a80f00, 0xbb25bfe2,","        0x35bdd2f6, 0x71126905, 0xb2040222, 0xb6cbcf7c, 0xcd769c2b,","        0x53113ec0, 0x1640e3d3, 0x38abbd60, 0x2547adf0, 0xba38209c,","        0xf746ce76, 0x77afa1c5, 0x20756060, 0x85cbfe4e, 0x8ae88dd8,","        0x7aaaf9b0, 0x4cf9aa7e, 0x1948c25c, 0x02fb8a8c, 0x01c36ae4,","        0xd6ebe1f9, 0x90d4f869, 0xa65cdea0, 0x3f09252d, 0xc208e69f,","        0xb74e6132, 0xce77e25b, 0x578fdfe3, 0x3ac372e6","    ];","","    /**","     * @type {Array.<number>}","     * @const","     * @inner","     */","    var C_ORIG = [","        0x4f727068, 0x65616e42, 0x65686f6c, 0x64657253, 0x63727944,","        0x6f756274","    ];","","    /**","     * @param {Array.<number>} lr","     * @param {number} off","     * @param {Array.<number>} P","     * @param {Array.<number>} S","     * @returns {Array.<number>}","     * @inner","     */","    function _encipher(lr, off, P, S) { // This is our bottleneck: 1714/1905 ticks / 90% - see profile.txt","        var n,","            l = lr[off],","            r = lr[off + 1];","","        l ^= P[0];","","        /*","        for (var i=0, k=BLOWFISH_NUM_ROUNDS-2; i<=k;)","            // Feistel substitution on left word","            n  = S[l >>> 24],","            n += S[0x100 | ((l >> 16) & 0xff)],","            n ^= S[0x200 | ((l >> 8) & 0xff)],","            n += S[0x300 | (l & 0xff)],","            r ^= n ^ P[++i],","            // Feistel substitution on right word","            n  = S[r >>> 24],","            n += S[0x100 | ((r >> 16) & 0xff)],","            n ^= S[0x200 | ((r >> 8) & 0xff)],","            n += S[0x300 | (r & 0xff)],","            l ^= n ^ P[++i];","        */","","        //The following is an unrolled version of the above loop.","        //Iteration 0","        n  = S[l >>> 24];","        n += S[0x100 | ((l >> 16) & 0xff)];","        n ^= S[0x200 | ((l >> 8) & 0xff)];","        n += S[0x300 | (l & 0xff)];","        r ^= n ^ P[1];","        n  = S[r >>> 24];","        n += S[0x100 | ((r >> 16) & 0xff)];","        n ^= S[0x200 | ((r >> 8) & 0xff)];","        n += S[0x300 | (r & 0xff)];","        l ^= n ^ P[2];","        //Iteration 1","        n  = S[l >>> 24];","        n += S[0x100 | ((l >> 16) & 0xff)];","        n ^= S[0x200 | ((l >> 8) & 0xff)];","        n += S[0x300 | (l & 0xff)];","        r ^= n ^ P[3];","        n  = S[r >>> 24];","        n += S[0x100 | ((r >> 16) & 0xff)];","        n ^= S[0x200 | ((r >> 8) & 0xff)];","        n += S[0x300 | (r & 0xff)];","        l ^= n ^ P[4];","        //Iteration 2","        n  = S[l >>> 24];","        n += S[0x100 | ((l >> 16) & 0xff)];","        n ^= S[0x200 | ((l >> 8) & 0xff)];","        n += S[0x300 | (l & 0xff)];","        r ^= n ^ P[5];","        n  = S[r >>> 24];","        n += S[0x100 | ((r >> 16) & 0xff)];","        n ^= S[0x200 | ((r >> 8) & 0xff)];","        n += S[0x300 | (r & 0xff)];","        l ^= n ^ P[6];","        //Iteration 3","        n  = S[l >>> 24];","        n += S[0x100 | ((l >> 16) & 0xff)];","        n ^= S[0x200 | ((l >> 8) & 0xff)];","        n += S[0x300 | (l & 0xff)];","        r ^= n ^ P[7];","        n  = S[r >>> 24];","        n += S[0x100 | ((r >> 16) & 0xff)];","        n ^= S[0x200 | ((r >> 8) & 0xff)];","        n += S[0x300 | (r & 0xff)];","        l ^= n ^ P[8];","        //Iteration 4","        n  = S[l >>> 24];","        n += S[0x100 | ((l >> 16) & 0xff)];","        n ^= S[0x200 | ((l >> 8) & 0xff)];","        n += S[0x300 | (l & 0xff)];","        r ^= n ^ P[9];","        n  = S[r >>> 24];","        n += S[0x100 | ((r >> 16) & 0xff)];","        n ^= S[0x200 | ((r >> 8) & 0xff)];","        n += S[0x300 | (r & 0xff)];","        l ^= n ^ P[10];","        //Iteration 5","        n  = S[l >>> 24];","        n += S[0x100 | ((l >> 16) & 0xff)];","        n ^= S[0x200 | ((l >> 8) & 0xff)];","        n += S[0x300 | (l & 0xff)];","        r ^= n ^ P[11];","        n  = S[r >>> 24];","        n += S[0x100 | ((r >> 16) & 0xff)];","        n ^= S[0x200 | ((r >> 8) & 0xff)];","        n += S[0x300 | (r & 0xff)];","        l ^= n ^ P[12];","        //Iteration 6","        n  = S[l >>> 24];","        n += S[0x100 | ((l >> 16) & 0xff)];","        n ^= S[0x200 | ((l >> 8) & 0xff)];","        n += S[0x300 | (l & 0xff)];","        r ^= n ^ P[13];","        n  = S[r >>> 24];","        n += S[0x100 | ((r >> 16) & 0xff)];","        n ^= S[0x200 | ((r >> 8) & 0xff)];","        n += S[0x300 | (r & 0xff)];","        l ^= n ^ P[14];","        //Iteration 7","        n  = S[l >>> 24];","        n += S[0x100 | ((l >> 16) & 0xff)];","        n ^= S[0x200 | ((l >> 8) & 0xff)];","        n += S[0x300 | (l & 0xff)];","        r ^= n ^ P[15];","        n  = S[r >>> 24];","        n += S[0x100 | ((r >> 16) & 0xff)];","        n ^= S[0x200 | ((r >> 8) & 0xff)];","        n += S[0x300 | (r & 0xff)];","        l ^= n ^ P[16];","","        lr[off] = r ^ P[BLOWFISH_NUM_ROUNDS + 1];","        lr[off + 1] = l;","        return lr;","    }","","    /**","     * @param {Array.<number>} data","     * @param {number} offp","     * @returns {{key: number, offp: number}}","     * @inner","     */","    function _streamtoword(data, offp) {","        for (var i = 0, word = 0; i < 4; ++i)","            word = (word << 8) | (data[offp] & 0xff),","            offp = (offp + 1) % data.length;","        return { key: word, offp: offp };","    }","","    /**","     * @param {Array.<number>} key","     * @param {Array.<number>} P","     * @param {Array.<number>} S","     * @inner","     */","    function _key(key, P, S) {","        var offset = 0,","            lr = [0, 0],","            plen = P.length,","            slen = S.length,","            sw;","        for (var i = 0; i < plen; i++)","            sw = _streamtoword(key, offset),","            offset = sw.offp,","            P[i] = P[i] ^ sw.key;","        for (i = 0; i < plen; i += 2)","            lr = _encipher(lr, 0, P, S),","            P[i] = lr[0],","            P[i + 1] = lr[1];","        for (i = 0; i < slen; i += 2)","            lr = _encipher(lr, 0, P, S),","            S[i] = lr[0],","            S[i + 1] = lr[1];","    }","","    /**","     * Expensive key schedule Blowfish.","     * @param {Array.<number>} data","     * @param {Array.<number>} key","     * @param {Array.<number>} P","     * @param {Array.<number>} S","     * @inner","     */","    function _ekskey(data, key, P, S) {","        var offp = 0,","            lr = [0, 0],","            plen = P.length,","            slen = S.length,","            sw;","        for (var i = 0; i < plen; i++)","            sw = _streamtoword(key, offp),","            offp = sw.offp,","            P[i] = P[i] ^ sw.key;","        offp = 0;","        for (i = 0; i < plen; i += 2)","            sw = _streamtoword(data, offp),","            offp = sw.offp,","            lr[0] ^= sw.key,","            sw = _streamtoword(data, offp),","            offp = sw.offp,","            lr[1] ^= sw.key,","            lr = _encipher(lr, 0, P, S),","            P[i] = lr[0],","            P[i + 1] = lr[1];","        for (i = 0; i < slen; i += 2)","            sw = _streamtoword(data, offp),","            offp = sw.offp,","            lr[0] ^= sw.key,","            sw = _streamtoword(data, offp),","            offp = sw.offp,","            lr[1] ^= sw.key,","            lr = _encipher(lr, 0, P, S),","            S[i] = lr[0],","            S[i + 1] = lr[1];","    }","","    /**","     * Internaly crypts a string.","     * @param {Array.<number>} b Bytes to crypt","     * @param {Array.<number>} salt Salt bytes to use","     * @param {number} rounds Number of rounds","     * @param {function(Error, Array.<number>=)=} callback Callback receiving the error, if any, and the resulting bytes. If","     *  omitted, the operation will be performed synchronously.","     *  @param {function(number)=} progressCallback Callback called with the current progress","     * @returns {!Array.<number>|undefined} Resulting bytes if callback has been omitted, otherwise `undefined`","     * @inner","     */","    function _crypt(b, salt, rounds, callback, progressCallback) {","        var cdata = C_ORIG.slice(),","            clen = cdata.length,","            err;","","        // Validate","        if (rounds < 4 || rounds > 31) {","            err = Error(\"Illegal number of rounds (4-31): \"+rounds);","            if (callback) {","                nextTick(callback.bind(this, err));","                return;","            } else","                throw err;","        }","        if (salt.length !== BCRYPT_SALT_LEN) {","            err =Error(\"Illegal salt length: \"+salt.length+\" != \"+BCRYPT_SALT_LEN);","            if (callback) {","                nextTick(callback.bind(this, err));","                return;","            } else","                throw err;","        }","        rounds = (1 << rounds) >>> 0;","","        var P, S, i = 0, j;","","        //Use typed arrays when available - huge speedup!","        if (Int32Array) {","            P = new Int32Array(P_ORIG);","            S = new Int32Array(S_ORIG);","        } else {","            P = P_ORIG.slice();","            S = S_ORIG.slice();","        }","","        _ekskey(salt, b, P, S);","","        /**","         * Calcualtes the next round.","         * @returns {Array.<number>|undefined} Resulting array if callback has been omitted, otherwise `undefined`","         * @inner","         */","        function next() {","            if (progressCallback)","                progressCallback(i / rounds);","            if (i < rounds) {","                var start = Date.now();","                for (; i < rounds;) {","                    i = i + 1;","                    _key(b, P, S);","                    _key(salt, P, S);","                    if (Date.now() - start > MAX_EXECUTION_TIME)","                        break;","                }","            } else {","                for (i = 0; i < 64; i++)","                    for (j = 0; j < (clen >> 1); j++)","                        _encipher(cdata, j << 1, P, S);","                var ret = [];","                for (i = 0; i < clen; i++)","                    ret.push(((cdata[i] >> 24) & 0xff) >>> 0),","                    ret.push(((cdata[i] >> 16) & 0xff) >>> 0),","                    ret.push(((cdata[i] >> 8) & 0xff) >>> 0),","                    ret.push((cdata[i] & 0xff) >>> 0);","                if (callback) {","                    callback(null, ret);","                    return;","                } else","                    return ret;","            }","            if (callback)","                nextTick(next);","        }","","        // Async","        if (typeof callback !== 'undefined') {","            next();","","            // Sync","        } else {","            var res;","            while (true)","                if (typeof(res = next()) !== 'undefined')","                    return res || [];","        }","    }","","    /**","     * Internally hashes a string.","     * @param {string} s String to hash","     * @param {?string} salt Salt to use, actually never null","     * @param {function(Error, string=)=} callback Callback receiving the error, if any, and the resulting hash. If omitted,","     *  hashing is perormed synchronously.","     *  @param {function(number)=} progressCallback Callback called with the current progress","     * @returns {string|undefined} Resulting hash if callback has been omitted, otherwise `undefined`","     * @inner","     */","    function _hash(s, salt, callback, progressCallback) {","        var err;","        if (typeof s !== 'string' || typeof salt !== 'string') {","            err = Error(\"Invalid string / salt: Not a string\");","            if (callback) {","                nextTick(callback.bind(this, err));","                return;","            }","            else","                throw err;","        }","","        // Validate the salt","        var minor, offset;","        if (salt.charAt(0) !== '$' || salt.charAt(1) !== '2') {","            err = Error(\"Invalid salt version: \"+salt.substring(0,2));","            if (callback) {","                nextTick(callback.bind(this, err));","                return;","            }","            else","                throw err;","        }","        if (salt.charAt(2) === '$')","            minor = String.fromCharCode(0),","            offset = 3;","        else {","            minor = salt.charAt(2);","            if ((minor !== 'a' && minor !== 'b' && minor !== 'y') || salt.charAt(3) !== '$') {","                err = Error(\"Invalid salt revision: \"+salt.substring(2,4));","                if (callback) {","                    nextTick(callback.bind(this, err));","                    return;","                } else","                    throw err;","            }","            offset = 4;","        }","","        // Extract number of rounds","        if (salt.charAt(offset + 2) > '$') {","            err = Error(\"Missing salt rounds\");","            if (callback) {","                nextTick(callback.bind(this, err));","                return;","            } else","                throw err;","        }","        var r1 = parseInt(salt.substring(offset, offset + 1), 10) * 10,","            r2 = parseInt(salt.substring(offset + 1, offset + 2), 10),","            rounds = r1 + r2,","            real_salt = salt.substring(offset + 3, offset + 25);","        s += minor >= 'a' ? \"\\x00\" : \"\";","","        var passwordb = stringToBytes(s),","            saltb = base64_decode(real_salt, BCRYPT_SALT_LEN);","","        /**","         * Finishes hashing.","         * @param {Array.<number>} bytes Byte array","         * @returns {string}","         * @inner","         */","        function finish(bytes) {","            var res = [];","            res.push(\"$2\");","            if (minor >= 'a')","                res.push(minor);","            res.push(\"$\");","            if (rounds < 10)","                res.push(\"0\");","            res.push(rounds.toString());","            res.push(\"$\");","            res.push(base64_encode(saltb, saltb.length));","            res.push(base64_encode(bytes, C_ORIG.length * 4 - 1));","            return res.join('');","        }","","        // Sync","        if (typeof callback == 'undefined')","            return finish(_crypt(passwordb, saltb, rounds));","","        // Async","        else {","            _crypt(passwordb, saltb, rounds, function(err, bytes) {","                if (err)","                    callback(err, null);","                else","                    callback(null, finish(bytes));","            }, progressCallback);","        }","    }","","    /**","     * Encodes a byte array to base64 with up to len bytes of input, using the custom bcrypt alphabet.","     * @function","     * @param {!Array.<number>} b Byte array","     * @param {number} len Maximum input length","     * @returns {string}","     * @expose","     */","    bcrypt.encodeBase64 = base64_encode;","","    /**","     * Decodes a base64 encoded string to up to len bytes of output, using the custom bcrypt alphabet.","     * @function","     * @param {string} s String to decode","     * @param {number} len Maximum output length","     * @returns {!Array.<number>}","     * @expose","     */","    bcrypt.decodeBase64 = base64_decode;","","    return bcrypt;","}));",""],"l":{"34":1,"36":1,"37":0,"38":1,"39":1,"41":0,"50":1,"57":1,"67":1,"68":1,"69":1,"70":1,"72":0,"73":0,"74":0,"76":0,"77":0,"78":0,"82":1,"83":1,"84":1,"85":1,"89":1,"99":1,"100":0,"111":1,"112":0,"113":0,"114":0,"115":0,"116":0,"117":0,"118":0,"119":0,"120":0,"121":0,"122":0,"123":0,"124":0,"125":0,"126":0,"138":1,"139":0,"140":0,"142":0,"143":0,"145":0,"146":0,"147":0,"148":0,"150":1,"151":0,"152":0,"153":0,"155":0,"160":0,"161":0,"162":0,"163":0,"165":0,"166":0,"167":0,"168":0,"169":0,"171":0,"183":1,"184":0,"185":0,"186":0,"187":0,"188":0,"189":0,"190":0,"204":1,"206":1,"207":0,"208":0,"209":0,"211":0,"212":0,"214":0,"217":0,"218":0,"219":0,"220":0,"222":0,"223":0,"224":0,"225":0,"226":0,"228":0,"240":1,"241":0,"243":0,"244":0,"245":0,"247":0,"250":0,"251":0,"252":0,"263":1,"264":0,"265":0,"266":0,"267":0,"268":0,"282":1,"284":1,"285":0,"286":0,"287":0,"289":0,"290":0,"291":0,"293":0,"294":0,"295":0,"297":0,"301":0,"302":0,"303":0,"304":0,"306":0,"307":0,"308":0,"309":0,"310":0,"312":0,"324":1,"325":0,"326":0,"327":0,"337":1,"338":0,"339":0,"340":0,"341":0,"342":0,"351":1,"361":1,"362":0,"364":0,"365":0,"366":0,"368":0,"370":0,"381":1,"388":1,"401":1,"410":1,"411":0,"414":0,"415":0,"416":0,"417":0,"418":0,"419":0,"420":0,"421":0,"422":0,"424":0,"425":0,"426":0,"427":0,"428":0,"429":0,"430":0,"432":0,"433":0,"434":0,"435":0,"437":0,"447":1,"448":0,"453":0,"454":0,"455":0,"456":0,"457":0,"458":0,"459":0,"460":0,"461":0,"462":0,"463":0,"464":0,"465":0,"466":0,"467":0,"468":0,"469":0,"470":0,"471":0,"472":0,"473":0,"474":0,"475":0,"476":0,"477":0,"478":0,"479":0,"480":0,"481":0,"483":0,"484":0,"485":0,"486":0,"494":1,"502":1,"509":1,"517":1,"518":0,"519":0,"520":0,"521":0,"522":0,"523":0,"524":0,"525":0,"526":0,"528":0,"529":0,"533":0,"537":0,"550":1,"551":0,"552":0,"553":0,"554":0,"555":0,"556":0,"558":0,"559":0,"560":0,"561":0,"562":0,"564":0,"565":0,"567":0,"568":0,"570":0,"581":1,"582":0,"583":0,"584":0,"585":0,"586":0,"587":0,"588":0,"589":0,"590":0,"594":0,"596":0,"606":1,"607":0,"608":0,"609":0,"610":0,"611":0,"612":0,"614":0,"617":0,"627":1,"628":0,"629":0,"641":1,"642":0,"643":0,"652":1,"653":0,"662":1,"663":0,"664":0,"665":0,"666":0,"675":1,"676":0,"677":0,"678":0,"680":0,"683":1,"686":1,"693":1,"700":1,"707":1,"714":1,"721":1,"733":1,"946":1,"959":1,"960":0,"964":0,"984":0,"985":0,"986":0,"987":0,"988":0,"989":0,"990":0,"991":0,"992":0,"993":0,"995":0,"996":0,"997":0,"998":0,"999":0,"1000":0,"1001":0,"1002":0,"1003":0,"1004":0,"1006":0,"1007":0,"1008":0,"1009":0,"1010":0,"1011":0,"1012":0,"1013":0,"1014":0,"1015":0,"1017":0,"1018":0,"1019":0,"1020":0,"1021":0,"1022":0,"1023":0,"1024":0,"1025":0,"1026":0,"1028":0,"1029":0,"1030":0,"1031":0,"1032":0,"1033":0,"1034":0,"1035":0,"1036":0,"1037":0,"1039":0,"1040":0,"1041":0,"1042":0,"1043":0,"1044":0,"1045":0,"1046":0,"1047":0,"1048":0,"1050":0,"1051":0,"1052":0,"1053":0,"1054":0,"1055":0,"1056":0,"1057":0,"1058":0,"1059":0,"1061":0,"1062":0,"1063":0,"1064":0,"1065":0,"1066":0,"1067":0,"1068":0,"1069":0,"1070":0,"1072":0,"1073":0,"1074":0,"1083":1,"1084":0,"1085":0,"1087":0,"1096":1,"1097":0,"1102":0,"1103":0,"1106":0,"1107":0,"1110":0,"1111":0,"1124":1,"1125":0,"1130":0,"1131":0,"1134":0,"1135":0,"1136":0,"1145":0,"1146":0,"1168":1,"1169":0,"1174":0,"1175":0,"1176":0,"1177":0,"1178":0,"1180":0,"1182":0,"1183":0,"1184":0,"1185":0,"1186":0,"1188":0,"1190":0,"1192":0,"1195":0,"1196":0,"1197":0,"1199":0,"1200":0,"1203":0,"1210":1,"1211":0,"1212":0,"1213":0,"1214":0,"1215":0,"1216":0,"1217":0,"1218":0,"1219":0,"1220":0,"1223":0,"1224":0,"1225":0,"1226":0,"1227":0,"1228":0,"1232":0,"1233":0,"1234":0,"1236":0,"1238":0,"1239":0,"1243":0,"1244":0,"1248":0,"1249":0,"1250":0,"1251":0,"1265":1,"1266":0,"1267":0,"1268":0,"1269":0,"1270":0,"1271":0,"1274":0,"1278":0,"1279":0,"1280":0,"1281":0,"1282":0,"1283":0,"1286":0,"1288":0,"1289":0,"1292":0,"1293":0,"1294":0,"1295":0,"1296":0,"1297":0,"1299":0,"1301":0,"1305":0,"1306":0,"1307":0,"1308":0,"1309":0,"1311":0,"1313":0,"1317":0,"1319":0,"1328":1,"1329":0,"1330":0,"1331":0,"1332":0,"1333":0,"1334":0,"1335":0,"1336":0,"1337":0,"1338":0,"1339":0,"1340":0,"1344":0,"1345":0,"1349":0,"1350":0,"1351":0,"1353":0,"1366":1,"1376":1,"1378":1}}}